<?xml version="1.0" encoding="UTF-8"?>
<testsuite xmlns:xsi="http://www.w3.org/2001/XMLSchema-instance" xsi:noNamespaceSchemaLocation="https://maven.apache.org/surefire/maven-surefire-plugin/xsd/surefire-test-report-3.0.xsd" version="3.0" name="gov.cdc.izgateway.ApplicationTests" time="12.459" tests="6" errors="0" skipped="0" failures="0">
  <properties>
[...]
</properties>
  <testcase name="testLogEvents" classname="gov.cdc.izgateway.ApplicationTests" time="0.728">
    <system-out><![CDATA[17:12:36.180 [main] INFO org.springframework.test.context.support.AnnotationConfigContextLoaderUtils -- Could not detect default configuration classes for test class [gov.cdc.izgateway.ApplicationTests]: ApplicationTests does not declare any static, non-private, non-final, nested classes annotated with @Configuration.
17:12:36.361 [main] INFO org.springframework.boot.test.context.SpringBootTestContextBootstrapper -- Found @SpringBootConfiguration gov.cdc.izgateway.Application for test class gov.cdc.izgateway.ApplicationTests
17:12:36.704 [main] INFO gov.cdc.izgateway.ApplicationTests -- Started
17:12:36.753 [IZ Gateway] ERROR gov.cdc.izgateway.utils.UtilizationService -- Unable to make public long com.sun.management.internal.OperatingSystemImpl.getProcessCpuTime() accessible: module jdk.management does not "opens com.sun.management.internal" to unnamed module @5e955596
17:12:36.755 [IZ Gateway] ERROR gov.cdc.izgateway.utils.UtilizationService -- Unable to make public double com.sun.management.internal.OperatingSystemImpl.getProcessCpuLoad() accessible: module jdk.management does not "opens com.sun.management.internal" to unnamed module @5e955596
{"@timestamp":"2024-05-03T17:12:38.5219075-04:00","@version":"1","message":"Starting ApplicationTests using Java 17 with PID 39796 (started by boonek in C:\\Users\\boonek\\git\\izgateway\\izgw-hub)","logger_name":"gov.cdc.izgateway.ApplicationTests","thread_name":"IZ Gateway","level":"INFO","level_value":20000,"eventId":"1367958402000.1","sessionId":"0"}
{"@timestamp":"2024-05-03T17:12:38.5334342-04:00","@version":"1","message":"No active profile set, falling back to 1 default profile: \"default\"","logger_name":"gov.cdc.izgateway.ApplicationTests","thread_name":"IZ Gateway","level":"INFO","level_value":20000,"eventId":"1367958402000.1","sessionId":"0"}
{"@timestamp":"2024-05-03T17:12:38.5344341-04:00","@version":"1","message":"Loading source class gov.cdc.izgateway.Application","logger_name":"org.springframework.boot.SpringApplication","thread_name":"IZ Gateway","level":"DEBUG","level_value":10000,"eventId":"1367958402000.1","sessionId":"0"}
{"@timestamp":"2024-05-03T17:12:38.5505938-04:00","@version":"1","message":"Refreshing org.springframework.boot.web.servlet.context.AnnotationConfigServletWebServerApplicationContext@6fcc0a1","logger_name":"org.springframework.boot.web.servlet.context.AnnotationConfigServletWebServerApplicationContext","thread_name":"IZ Gateway","level":"DEBUG","level_value":10000,"eventId":"1367958402000.1","sessionId":"0"}
{"@timestamp":"2024-05-03T17:12:40.8921724-04:00","@version":"1","message":"Initializing Data Source: jdbc:h2:mem:db;DB_CLOSE_DELAY=-1","logger_name":"gov.cdc.izgateway.Application","thread_name":"IZ Gateway","level":"INFO","level_value":20000,"eventId":"1367958402000.1","sessionId":"0"}
{"@timestamp":"2024-05-03T17:12:40.895615-04:00","@version":"1","message":"Database initialized","logger_name":"gov.cdc.izgateway.Application","thread_name":"IZ Gateway","level":"INFO","level_value":20000,"eventId":"1367958402000.1","sessionId":"0"}
{"@timestamp":"2024-05-03T17:12:43.2967467-04:00","@version":"1","message":"drop table if exists accesscontrol cascade ","logger_name":"org.hibernate.SQL","thread_name":"IZ Gateway","level":"DEBUG","level_value":10000,"eventId":"1367958402000.1","sessionId":"0"}
{"@timestamp":"2024-05-03T17:12:43.2997478-04:00","@version":"1","message":"drop table if exists certificatestatus cascade ","logger_name":"org.hibernate.SQL","thread_name":"IZ Gateway","level":"DEBUG","level_value":10000,"eventId":"1367958402000.1","sessionId":"0"}
{"@timestamp":"2024-05-03T17:12:43.3007469-04:00","@version":"1","message":"drop table if exists destinations cascade ","logger_name":"org.hibernate.SQL","thread_name":"IZ Gateway","level":"DEBUG","level_value":10000,"eventId":"1367958402000.1","sessionId":"0"}
{"@timestamp":"2024-05-03T17:12:43.3007469-04:00","@version":"1","message":"drop table if exists jurisdiction cascade ","logger_name":"org.hibernate.SQL","thread_name":"IZ Gateway","level":"DEBUG","level_value":10000,"eventId":"1367958402000.1","sessionId":"0"}
{"@timestamp":"2024-05-03T17:12:43.3007469-04:00","@version":"1","message":"drop table if exists messageheaderinfo cascade ","logger_name":"org.hibernate.SQL","thread_name":"IZ Gateway","level":"DEBUG","level_value":10000,"eventId":"1367958402000.1","sessionId":"0"}
{"@timestamp":"2024-05-03T17:12:43.3058442-04:00","@version":"1","message":"create table accesscontrol (allow boolean, category varchar(255) not null, member varchar(255) not null, name varchar(255) not null, primary key (category, member, name))","logger_name":"org.hibernate.SQL","thread_name":"IZ Gateway","level":"DEBUG","level_value":10000,"eventId":"1367958402000.1","sessionId":"0"}
{"@timestamp":"2024-05-03T17:12:43.3139029-04:00","@version":"1","message":"create table certificatestatus (last_checked_timestamp timestamp(6), next_check_timestamp timestamp(6), certificate_cn varchar(128) not null unique, certificate_id varchar(128) not null, cert_serial_number varchar(255) not null, last_check_status varchar(255), primary key (certificate_id))","logger_name":"org.hibernate.SQL","thread_name":"IZ Gateway","level":"DEBUG","level_value":10000,"eventId":"1367958402000.1","sessionId":"0"}
{"@timestamp":"2024-05-03T17:12:43.3159033-04:00","@version":"1","message":"create table destinations (dest_type integer not null, jurisdiction_id integer, maint_end timestamp(6), maint_start timestamp(6), MSH22 varchar(255), MSH3 varchar(255), MSH4 varchar(255), MSH5 varchar(255), MSH6 varchar(255), RXA11 varchar(255), dest_id varchar(255) not null, dest_uri varchar(255), dest_version varchar(255), facility_id varchar(255), maint_reason varchar(255), password varchar(255), username varchar(255), primary key (dest_type, dest_id))","logger_name":"org.hibernate.SQL","thread_name":"IZ Gateway","level":"DEBUG","level_value":10000,"eventId":"1367958402000.1","sessionId":"0"}
{"@timestamp":"2024-05-03T17:12:43.3179023-04:00","@version":"1","message":"create table jurisdiction (jurisdiction_id integer not null, description varchar(255), dest_prefix varchar(255), name varchar(255), primary key (jurisdiction_id))","logger_name":"org.hibernate.SQL","thread_name":"IZ Gateway","level":"DEBUG","level_value":10000,"eventId":"1367958402000.1","sessionId":"0"}
{"@timestamp":"2024-05-03T17:12:43.3189057-04:00","@version":"1","message":"create table messageheaderinfo (dest_id varchar(255), facility_id varchar(255), iis varchar(255), msh varchar(255) not null, password varchar(255), sourceType varchar(255), username varchar(255), primary key (msh))","logger_name":"org.hibernate.SQL","thread_name":"IZ Gateway","level":"DEBUG","level_value":10000,"eventId":"1367958402000.1","sessionId":"0"}
{"@timestamp":"2024-05-03T17:12:43.8419969-04:00","@version":"1","message":"PropertySource 'systemEnvironment' does not contain property 'security.ssl-path', but found equivalent 'SECURITY.SSL-PATH'","logger_name":"org.springframework.boot.env.SystemEnvironmentPropertySourceEnvironmentPostProcessor$OriginAwareSystemEnvironmentPropertySource","thread_name":"IZ Gateway","level":"DEBUG","level_value":10000,"eventId":"1367958402000.1","sessionId":"0"}
{"@timestamp":"2024-05-03T17:12:43.8429951-04:00","@version":"1","message":"Found key 'COMMON_PASS' in PropertySource 'systemEnvironment' with value of type String","logger_name":"org.springframework.boot.context.properties.source.ConfigurationPropertySourcesPropertyResolver$DefaultResolver","thread_name":"IZ Gateway","level":"DEBUG","level_value":10000,"eventId":"1367958402000.1","sessionId":"0"}
{"@timestamp":"2024-05-03T17:12:43.8439918-04:00","@version":"1","message":"PropertySource 'systemEnvironment' does not contain property 'security.ssl-path', but found equivalent 'SECURITY.SSL-PATH'","logger_name":"org.springframework.boot.env.SystemEnvironmentPropertySourceEnvironmentPostProcessor$OriginAwareSystemEnvironmentPropertySource","thread_name":"IZ Gateway","level":"DEBUG","level_value":10000,"eventId":"1367958402000.1","sessionId":"0"}
{"@timestamp":"2024-05-03T17:12:43.8449942-04:00","@version":"1","message":"Found key 'COMMON_PASS' in PropertySource 'systemEnvironment' with value of type String","logger_name":"org.springframework.boot.context.properties.source.ConfigurationPropertySourcesPropertyResolver$DefaultResolver","thread_name":"IZ Gateway","level":"DEBUG","level_value":10000,"eventId":"1367958402000.1","sessionId":"0"}
{"@timestamp":"2024-05-03T17:12:43.8847568-04:00","@version":"1","message":"Configuring embedded Tomcat","logger_name":"gov.cdc.izgateway.common.ContainerCustomizer","thread_name":"IZ Gateway","level":"INFO","level_value":20000,"eventId":"1367958402000.1","sessionId":"0"}
{"@timestamp":"2024-05-03T17:12:43.9252956-04:00","@version":"1","message":"Initializing Tomcat","logger_name":"gov.cdc.izgateway.Application","thread_name":"IZ Gateway","level":"INFO","level_value":20000,"eventId":"1367958402000.1","sessionId":"0"}
{"@timestamp":"2024-05-03T17:12:44.1085902-04:00","@version":"1","message":"select ac1_0.category,ac1_0.member,ac1_0.name,ac1_0.allow from accesscontrol ac1_0","logger_name":"org.hibernate.SQL","thread_name":"pool-3-thread-1","level":"DEBUG","level_value":10000}
{"@timestamp":"2024-05-03T17:12:44.4256803-04:00","@version":"1","message":"Tomcat initialized with ports 0 (https), 9081 (http)","logger_name":"org.springframework.boot.web.embedded.tomcat.TomcatWebServer","thread_name":"IZ Gateway","level":"INFO","level_value":20000,"eventId":"1367958402000.1","sessionId":"0"}
{"@timestamp":"2024-05-03T17:12:44.5358147-04:00","@version":"1","message":"Published root WebApplicationContext as ServletContext attribute with name [org.springframework.web.context.WebApplicationContext.ROOT]","logger_name":"org.springframework.boot.web.servlet.context.ServletWebServerApplicationContext","thread_name":"IZ Gateway","level":"DEBUG","level_value":10000,"eventId":"1367958402000.1","sessionId":"0"}
{"@timestamp":"2024-05-03T17:12:44.5358147-04:00","@version":"1","message":"Root WebApplicationContext: initialization completed in 5985 ms","logger_name":"org.springframework.boot.web.servlet.context.ServletWebServerApplicationContext","thread_name":"IZ Gateway","level":"INFO","level_value":20000,"eventId":"1367958402000.1","sessionId":"0"}
{"@timestamp":"2024-05-03T17:12:44.5683481-04:00","@version":"1","message":"Mapping filters: springSecurityFilterChain urls=[/*] order=-100, characterEncodingFilter urls=[/*] order=-2147483648, formContentFilter urls=[/*] order=-9900, requestContextFilter urls=[/*] order=-105","logger_name":"org.springframework.boot.web.servlet.ServletContextInitializerBeans","thread_name":"IZ Gateway","level":"DEBUG","level_value":10000,"eventId":"1367958402000.1","sessionId":"0"}
{"@timestamp":"2024-05-03T17:12:44.5686036-04:00","@version":"1","message":"Mapping servlets: dispatcherServlet urls=[/]","logger_name":"org.springframework.boot.web.servlet.ServletContextInitializerBeans","thread_name":"IZ Gateway","level":"DEBUG","level_value":10000,"eventId":"1367958402000.1","sessionId":"0"}
{"@timestamp":"2024-05-03T17:12:44.5816074-04:00","@version":"1","message":"Filter 'requestContextFilter' configured for use","logger_name":"org.springframework.boot.web.servlet.filter.OrderedRequestContextFilter","thread_name":"IZ Gateway","level":"DEBUG","level_value":10000,"eventId":"1367958402000.1","sessionId":"0"}
{"@timestamp":"2024-05-03T17:12:44.5846082-04:00","@version":"1","message":"Filter 'characterEncodingFilter' configured for use","logger_name":"org.springframework.boot.web.servlet.filter.OrderedCharacterEncodingFilter","thread_name":"IZ Gateway","level":"DEBUG","level_value":10000,"eventId":"1367958402000.1","sessionId":"0"}
{"@timestamp":"2024-05-03T17:12:44.5856085-04:00","@version":"1","message":"Filter 'springSecurityFilterChain' configured for use","logger_name":"org.springframework.boot.web.servlet.DelegatingFilterProxyRegistrationBean$1","thread_name":"IZ Gateway","level":"DEBUG","level_value":10000,"eventId":"1367958402000.1","sessionId":"0"}
{"@timestamp":"2024-05-03T17:12:44.5856085-04:00","@version":"1","message":"Filter 'formContentFilter' configured for use","logger_name":"org.springframework.boot.web.servlet.filter.OrderedFormContentFilter","thread_name":"IZ Gateway","level":"DEBUG","level_value":10000,"eventId":"1367958402000.1","sessionId":"0"}
{"@timestamp":"2024-05-03T17:12:44.5947819-04:00","@version":"1","message":"Tomcat initialized","logger_name":"gov.cdc.izgateway.Application","thread_name":"IZ Gateway","level":"INFO","level_value":20000,"eventId":"1367958402000.1","sessionId":"0"}
{"@timestamp":"2024-05-03T17:12:44.6510708-04:00","@version":"1","message":"Found key 'ads.max-message-size-GB' in PropertySource 'Config resource 'class path resource [application.yml]' via location 'optional:classpath:/'' with value of type Integer","logger_name":"org.springframework.boot.context.properties.source.ConfigurationPropertySourcesPropertyResolver$DefaultResolver","thread_name":"IZ Gateway","level":"DEBUG","level_value":10000,"eventId":"1367958402000.1","sessionId":"0"}
{"@timestamp":"2024-05-03T17:12:44.6567564-04:00","@version":"1","message":"PropertySource 'systemEnvironment' does not contain property 'security.ssl-path', but found equivalent 'SECURITY.SSL-PATH'","logger_name":"org.springframework.boot.env.SystemEnvironmentPropertySourceEnvironmentPostProcessor$OriginAwareSystemEnvironmentPropertySource","thread_name":"IZ Gateway","level":"DEBUG","level_value":10000,"eventId":"1367958402000.1","sessionId":"0"}
{"@timestamp":"2024-05-03T17:12:44.6577569-04:00","@version":"1","message":"Found key 'COMMON_PASS' in PropertySource 'systemEnvironment' with value of type String","logger_name":"org.springframework.boot.context.properties.source.ConfigurationPropertySourcesPropertyResolver$DefaultResolver","thread_name":"IZ Gateway","level":"DEBUG","level_value":10000,"eventId":"1367958402000.1","sessionId":"0"}
{"@timestamp":"2024-05-03T17:12:44.6597506-04:00","@version":"1","message":"PropertySource 'systemEnvironment' does not contain property 'security.ssl-path', but found equivalent 'SECURITY.SSL-PATH'","logger_name":"org.springframework.boot.env.SystemEnvironmentPropertySourceEnvironmentPostProcessor$OriginAwareSystemEnvironmentPropertySource","thread_name":"IZ Gateway","level":"DEBUG","level_value":10000,"eventId":"1367958402000.1","sessionId":"0"}
{"@timestamp":"2024-05-03T17:12:44.6603196-04:00","@version":"1","message":"Found key 'COMMON_PASS' in PropertySource 'systemEnvironment' with value of type String","logger_name":"org.springframework.boot.context.properties.source.ConfigurationPropertySourcesPropertyResolver$DefaultResolver","thread_name":"IZ Gateway","level":"DEBUG","level_value":10000,"eventId":"1367958402000.1","sessionId":"0"}
{"@timestamp":"2024-05-03T17:12:45.0411458-04:00","@version":"1","message":"Valid Certificate found for dev.izgateway.org","logger_name":"gov.cdc.izgateway.security.ClientTlsSupport","thread_name":"IZ Gateway","level":"INFO","level_value":20000,"eventId":"1367958402000.1","sessionId":"0"}
{"@timestamp":"2024-05-03T17:12:45.0411458-04:00","@version":"1","message":"Client Hostname set to dev.izgateway.org","logger_name":"gov.cdc.izgateway.security.ClientTlsSupport","thread_name":"IZ Gateway","level":"INFO","level_value":20000,"eventId":"1367958402000.1","sessionId":"0"}
{"@timestamp":"2024-05-03T17:12:45.4589741-04:00","@version":"1","message":"Found key 'PHIZ_MODE' in PropertySource 'systemEnvironment' with value of type String","logger_name":"org.springframework.boot.context.properties.source.ConfigurationPropertySourcesPropertyResolver$DefaultResolver","thread_name":"IZ Gateway","level":"DEBUG","level_value":10000,"eventId":"1367958402000.1","sessionId":"0"}
{"@timestamp":"2024-05-03T17:12:45.4722966-04:00","@version":"1","message":"PATCH updated in HttpURLConnection","logger_name":"gov.cdc.izgateway.ads.DEXStorageSender","thread_name":"IZ Gateway","level":"INFO","level_value":20000,"eventId":"1367958402000.1","sessionId":"0"}
{"@timestamp":"2024-05-03T17:12:45.7790913-04:00","@version":"1","message":"Found key 'PHIZ_MODE' in PropertySource 'systemEnvironment' with value of type String","logger_name":"org.springframework.boot.context.properties.source.ConfigurationPropertySourcesPropertyResolver$DefaultResolver","thread_name":"IZ Gateway","level":"DEBUG","level_value":10000,"eventId":"1367958402000.1","sessionId":"0"}
{"@timestamp":"2024-05-03T17:12:45.8583228-04:00","@version":"1","message":"Found key 'PHIZ_MODE' in PropertySource 'systemEnvironment' with value of type String","logger_name":"org.springframework.boot.context.properties.source.ConfigurationPropertySourcesPropertyResolver$DefaultResolver","thread_name":"IZ Gateway","level":"DEBUG","level_value":10000,"eventId":"1367958402000.1","sessionId":"0"}
{"@timestamp":"2024-05-03T17:12:45.8653296-04:00","@version":"1","message":"Found key 'PHIZ_MODE' in PropertySource 'systemEnvironment' with value of type String","logger_name":"org.springframework.boot.context.properties.source.ConfigurationPropertySourcesPropertyResolver$DefaultResolver","thread_name":"IZ Gateway","level":"DEBUG","level_value":10000,"eventId":"1367958402000.1","sessionId":"0"}
{"@timestamp":"2024-05-03T17:12:45.8683291-04:00","@version":"1","message":"Found key 'PHIZ_MODE' in PropertySource 'systemEnvironment' with value of type String","logger_name":"org.springframework.boot.context.properties.source.ConfigurationPropertySourcesPropertyResolver$DefaultResolver","thread_name":"IZ Gateway","level":"DEBUG","level_value":10000,"eventId":"1367958402000.1","sessionId":"0"}
{"@timestamp":"2024-05-03T17:12:45.8746667-04:00","@version":"1","message":"select d1_0.dest_id,d1_0.dest_type,d1_0.dest_uri,d1_0.dest_version,d1_0.facility_id,d1_0.jurisdiction_id,d1_0.maint_end,d1_0.maint_reason,d1_0.maint_start,d1_0.MSH22,d1_0.MSH3,d1_0.MSH4,d1_0.MSH5,d1_0.MSH6,d1_0.password,d1_0.RXA11,d1_0.username from destinations d1_0","logger_name":"org.hibernate.SQL","thread_name":"pool-4-thread-1","level":"DEBUG","level_value":10000}
{"@timestamp":"2024-05-03T17:12:45.8941084-04:00","@version":"1","message":"select mh1_0.msh,mh1_0.dest_id,mh1_0.facility_id,mh1_0.iis,mh1_0.password,mh1_0.sourceType,mh1_0.username from messageheaderinfo mh1_0","logger_name":"org.hibernate.SQL","thread_name":"pool-5-thread-1","level":"DEBUG","level_value":10000}
{"@timestamp":"2024-05-03T17:12:46.5405755-04:00","@version":"1","message":"Tomcat started on ports 49405 (https), 9081 (http) with context path ''","logger_name":"org.springframework.boot.web.embedded.tomcat.TomcatWebServer","thread_name":"IZ Gateway","level":"INFO","level_value":20000,"eventId":"1367958402000.1","sessionId":"0"}
{"@timestamp":"2024-05-03T17:12:46.5598687-04:00","@version":"1","message":"\r\n\r\n\r\n============================\r\nCONDITIONS EVALUATION REPORT\r\n============================\r\n\r\n\r\nPositive matches:\r\n-----------------\r\n\r\n   AopAutoConfiguration matched:\r\n      - @ConditionalOnProperty (spring.aop.auto=true) matched (OnPropertyCondition)\r\n\r\n   AopAutoConfiguration.ClassProxyingConfiguration matched:\r\n      - @ConditionalOnMissingClass did not find unwanted class 'org.aspectj.weaver.Advice' (OnClassCondition)\r\n      - @ConditionalOnProperty (spring.aop.proxy-target-class=true) matched (OnPropertyCondition)\r\n\r\n   ApplicationAvailabilityAutoConfiguration#applicationAvailability matched:\r\n      - @ConditionalOnMissingBean (types: org.springframework.boot.availability.ApplicationAvailability; SearchStrategy: all) did not find any beans (OnBeanCondition)\r\n\r\n   ClientHttpConnectorAutoConfiguration matched:\r\n      - @ConditionalOnClass found required class 'org.springframework.web.reactive.function.client.WebClient' (OnClassCondition)\r\n\r\n   ClientHttpConnectorAutoConfiguration#webClientHttpConnector matched:\r\n      - @ConditionalOnMissingBean (types: org.springframework.http.client.reactive.ClientHttpConnector; SearchStrategy: all) did not find any beans (OnBeanCondition)\r\n\r\n   ClientHttpConnectorAutoConfiguration#webClientHttpConnectorCustomizer matched:\r\n      - @ConditionalOnBean (types: org.springframework.http.client.reactive.ClientHttpConnector; SearchStrategy: all) found bean 'webClientHttpConnector' (OnBeanCondition)\r\n\r\n   ClientHttpConnectorFactoryConfiguration.JdkClient matched:\r\n      - @ConditionalOnClass found required class 'java.net.http.HttpClient' (OnClassCondition)\r\n      - @ConditionalOnMissingBean (types: org.springframework.boot.autoconfigure.web.reactive.function.client.ClientHttpConnectorFactory; SearchStrategy: all) did not find any beans (OnBeanCondition)\r\n\r\n   CodecsAutoConfiguration matched:\r\n      - @ConditionalOnClass found required classes 'org.springframework.http.codec.CodecConfigurer', 'org.springframework.web.reactive.function.client.WebClient' (OnClassCondition)\r\n\r\n   CodecsAutoConfiguration.JacksonCodecConfiguration matched:\r\n      - @ConditionalOnClass found required class 'com.fasterxml.jackson.databind.ObjectMapper' (OnClassCondition)\r\n\r\n   CodecsAutoConfiguration.JacksonCodecConfiguration#jacksonCodecCustomizer matched:\r\n      - @ConditionalOnBean (types: com.fasterxml.jackson.databind.ObjectMapper; SearchStrategy: all) found bean 'getObjectMapper' (OnBeanCondition)\r\n\r\n   DataSourceAutoConfiguration matched:\r\n      - @ConditionalOnClass found required classes 'javax.sql.DataSource', 'org.springframework.jdbc.datasource.embedded.EmbeddedDatabaseType' (OnClassCondition)\r\n      - @ConditionalOnMissingBean (types: io.r2dbc.spi.ConnectionFactory; SearchStrategy: all) did not find any beans (OnBeanCondition)\r\n\r\n   DataSourceConfiguration.Hikari matched:\r\n      - @ConditionalOnClass found required class 'com.zaxxer.hikari.HikariDataSource' (OnClassCondition)\r\n      - @ConditionalOnProperty (spring.datasource.type=com.zaxxer.hikari.HikariDataSource) matched (OnPropertyCondition)\r\n\r\n   DataSourceInitializationConfiguration matched:\r\n      - @ConditionalOnClass found required class 'org.springframework.jdbc.datasource.init.DatabasePopulator' (OnClassCondition)\r\n      - @ConditionalOnSingleCandidate (types: javax.sql.DataSource; SearchStrategy: all) found a single bean 'dataSource'; @ConditionalOnMissingBean (types: org.springframework.boot.autoconfigure.sql.init.SqlDataSourceScriptDatabaseInitializer,org.springframework.boot.autoconfigure.sql.init.SqlR2dbcScriptDatabaseInitializer; SearchStrategy: all) did not find any beans (OnBeanCondition)\r\n\r\n   DataSourcePoolMetadataProvidersConfiguration.HikariPoolDataSourceMetadataProviderConfiguration matched:\r\n      - @ConditionalOnClass found required class 'com.zaxxer.hikari.HikariDataSource' (OnClassCondition)\r\n\r\n   DataSourceTransactionManagerAutoConfiguration matched:\r\n      - @ConditionalOnClass found required classes 'org.springframework.jdbc.core.JdbcTemplate', 'org.springframework.transaction.TransactionManager' (OnClassCondition)\r\n\r\n   DataSourceTransactionManagerAutoConfiguration.JdbcTransactionManagerConfiguration matched:\r\n      - @ConditionalOnSingleCandidate (types: javax.sql.DataSource; SearchStrategy: all) found a single bean 'dataSource' (OnBeanCondition)\r\n\r\n   DispatcherServletAutoConfiguration matched:\r\n      - @ConditionalOnClass found required class 'org.springframework.web.servlet.DispatcherServlet' (OnClassCondition)\r\n      - found 'session' scope (OnWebApplicationCondition)\r\n\r\n   DispatcherServletAutoConfiguration.DispatcherServletConfiguration matched:\r\n      - @ConditionalOnClass found required class 'jakarta.servlet.ServletRegistration' (OnClassCondition)\r\n      - Default DispatcherServlet did not find dispatcher servlet beans (DispatcherServletAutoConfiguration.DefaultDispatcherServletCondition)\r\n\r\n   DispatcherServletAutoConfiguration.DispatcherServletRegistrationConfiguration matched:\r\n      - @ConditionalOnClass found required class 'jakarta.servlet.ServletRegistration' (OnClassCondition)\r\n      - DispatcherServlet Registration did not find servlet registration bean (DispatcherServletAutoConfiguration.DispatcherServletRegistrationCondition)\r\n\r\n   DispatcherServletAutoConfiguration.DispatcherServletRegistrationConfiguration#dispatcherServletRegistration matched:\r\n      - @ConditionalOnBean (names: dispatcherServlet types: org.springframework.web.servlet.DispatcherServlet; SearchStrategy: all) found bean 'dispatcherServlet' (OnBeanCondition)\r\n\r\n   EmbeddedWebServerFactoryCustomizerAutoConfiguration matched:\r\n      - @ConditionalOnWebApplication (required) found 'session' scope (OnWebApplicationCondition)\r\n      - @ConditionalOnWarDeployment the application is not deployed as a WAR file. (OnWarDeploymentCondition)\r\n\r\n   EmbeddedWebServerFactoryCustomizerAutoConfiguration.TomcatWebServerFactoryCustomizerConfiguration matched:\r\n      - @ConditionalOnClass found required classes 'org.apache.catalina.startup.Tomcat', 'org.apache.coyote.UpgradeProtocol' (OnClassCondition)\r\n\r\n   ErrorMvcAutoConfiguration matched:\r\n      - @ConditionalOnClass found required classes 'jakarta.servlet.Servlet', 'org.springframework.web.servlet.DispatcherServlet' (OnClassCondition)\r\n      - found 'session' scope (OnWebApplicationCondition)\r\n\r\n   ErrorMvcAutoConfiguration#basicErrorController matched:\r\n      - @ConditionalOnMissingBean (types: org.springframework.boot.web.servlet.error.ErrorController; SearchStrategy: current) did not find any beans (OnBeanCondition)\r\n\r\n   ErrorMvcAutoConfiguration#errorAttributes matched:\r\n      - @ConditionalOnMissingBean (types: org.springframework.boot.web.servlet.error.ErrorAttributes; SearchStrategy: current) did not find any beans (OnBeanCondition)\r\n\r\n   ErrorMvcAutoConfiguration.DefaultErrorViewResolverConfiguration#conventionErrorViewResolver matched:\r\n      - @ConditionalOnBean (types: org.springframework.web.servlet.DispatcherServlet; SearchStrategy: all) found bean 'dispatcherServlet'; @ConditionalOnMissingBean (types: org.springframework.boot.autoconfigure.web.servlet.error.ErrorViewResolver; SearchStrategy: all) did not find any beans (OnBeanCondition)\r\n\r\n   ErrorMvcAutoConfiguration.WhitelabelErrorViewConfiguration matched:\r\n      - @ConditionalOnProperty (server.error.whitelabel.enabled) matched (OnPropertyCondition)\r\n      - ErrorTemplate Missing did not find error template view (ErrorMvcAutoConfiguration.ErrorTemplateMissingCondition)\r\n\r\n   ErrorMvcAutoConfiguration.WhitelabelErrorViewConfiguration#beanNameViewResolver matched:\r\n      - @ConditionalOnMissingBean (types: org.springframework.web.servlet.view.BeanNameViewResolver; SearchStrategy: all) did not find any beans (OnBeanCondition)\r\n\r\n   ErrorMvcAutoConfiguration.WhitelabelErrorViewConfiguration#defaultErrorView matched:\r\n      - @ConditionalOnMissingBean (names: error; SearchStrategy: all) did not find any beans (OnBeanCondition)\r\n\r\n   GenericCacheConfiguration matched:\r\n      - Cache org.springframework.boot.autoconfigure.cache.GenericCacheConfiguration automatic cache type (CacheCondition)\r\n\r\n   HibernateJpaAutoConfiguration matched:\r\n      - @ConditionalOnClass found required classes 'org.springframework.orm.jpa.LocalContainerEntityManagerFactoryBean', 'jakarta.persistence.EntityManager', 'org.hibernate.engine.spi.SessionImplementor' (OnClassCondition)\r\n\r\n   HibernateJpaConfiguration matched:\r\n      - @ConditionalOnSingleCandidate (types: javax.sql.DataSource; SearchStrategy: all) found a single bean 'dataSource' (OnBeanCondition)\r\n\r\n   HttpEncodingAutoConfiguration matched:\r\n      - @ConditionalOnClass found required class 'org.springframework.web.filter.CharacterEncodingFilter' (OnClassCondition)\r\n      - found 'session' scope (OnWebApplicationCondition)\r\n      - @ConditionalOnProperty (server.servlet.encoding.enabled) matched (OnPropertyCondition)\r\n\r\n   HttpEncodingAutoConfiguration#characterEncodingFilter matched:\r\n      - @ConditionalOnMissingBean (types: org.springframework.web.filter.CharacterEncodingFilter; SearchStrategy: all) did not find any beans (OnBeanCondition)\r\n\r\n   HttpMessageConvertersAutoConfiguration matched:\r\n      - @ConditionalOnClass found required class 'org.springframework.http.converter.HttpMessageConverter' (OnClassCondition)\r\n      - NoneNestedConditions 0 matched 1 did not; NestedCondition on HttpMessageConvertersAutoConfiguration.NotReactiveWebApplicationCondition.ReactiveWebApplication not a reactive web application (HttpMessageConvertersAutoConfiguration.NotReactiveWebApplicationCondition)\r\n\r\n   HttpMessageConvertersAutoConfiguration#messageConverters matched:\r\n      - @ConditionalOnMissingBean (types: org.springframework.boot.autoconfigure.http.HttpMessageConverters; SearchStrategy: all) did not find any beans (OnBeanCondition)\r\n\r\n   HttpMessageConvertersAutoConfiguration.StringHttpMessageConverterConfiguration matched:\r\n      - @ConditionalOnClass found required class 'org.springframework.http.converter.StringHttpMessageConverter' (OnClassCondition)\r\n\r\n   HttpMessageConvertersAutoConfiguration.StringHttpMessageConverterConfiguration#stringHttpMessageConverter matched:\r\n      - @ConditionalOnMissingBean (types: org.springframework.http.converter.StringHttpMessageConverter; SearchStrategy: all) did not find any beans (OnBeanCondition)\r\n\r\n   JacksonAutoConfiguration matched:\r\n      - @ConditionalOnClass found required class 'com.fasterxml.jackson.databind.ObjectMapper' (OnClassCondition)\r\n\r\n   JacksonAutoConfiguration.Jackson2ObjectMapperBuilderCustomizerConfiguration matched:\r\n      - @ConditionalOnClass found required class 'org.springframework.http.converter.json.Jackson2ObjectMapperBuilder' (OnClassCondition)\r\n\r\n   JacksonAutoConfiguration.JacksonObjectMapperBuilderConfiguration matched:\r\n      - @ConditionalOnClass found required class 'org.springframework.http.converter.json.Jackson2ObjectMapperBuilder' (OnClassCondition)\r\n\r\n   JacksonAutoConfiguration.JacksonObjectMapperBuilderConfiguration#jacksonObjectMapperBuilder matched:\r\n      - @ConditionalOnMissingBean (types: org.springframework.http.converter.json.Jackson2ObjectMapperBuilder; SearchStrategy: all) did not find any beans (OnBeanCondition)\r\n\r\n   JacksonAutoConfiguration.JacksonObjectMapperConfiguration matched:\r\n      - @ConditionalOnClass found required class 'org.springframework.http.converter.json.Jackson2ObjectMapperBuilder' (OnClassCondition)\r\n\r\n   JacksonAutoConfiguration.ParameterNamesModuleConfiguration matched:\r\n      - @ConditionalOnClass found required class 'com.fasterxml.jackson.module.paramnames.ParameterNamesModule' (OnClassCondition)\r\n\r\n   JacksonAutoConfiguration.ParameterNamesModuleConfiguration#parameterNamesModule matched:\r\n      - @ConditionalOnMissingBean (types: com.fasterxml.jackson.module.paramnames.ParameterNamesModule; SearchStrategy: all) did not find any beans (OnBeanCondition)\r\n\r\n   JacksonHttpMessageConvertersConfiguration.MappingJackson2HttpMessageConverterConfiguration matched:\r\n      - @ConditionalOnClass found required class 'com.fasterxml.jackson.databind.ObjectMapper' (OnClassCondition)\r\n      - @ConditionalOnProperty (spring.mvc.converters.preferred-json-mapper=jackson) matched (OnPropertyCondition)\r\n      - @ConditionalOnBean (types: com.fasterxml.jackson.databind.ObjectMapper; SearchStrategy: all) found bean 'getObjectMapper' (OnBeanCondition)\r\n\r\n   JacksonHttpMessageConvertersConfiguration.MappingJackson2HttpMessageConverterConfiguration#mappingJackson2HttpMessageConverter matched:\r\n      - @ConditionalOnMissingBean (types: org.springframework.http.converter.json.MappingJackson2HttpMessageConverter ignored: org.springframework.hateoas.server.mvc.TypeConstrainedMappingJackson2HttpMessageConverter,org.springframework.data.rest.webmvc.alps.AlpsJsonHttpMessageConverter; SearchStrategy: all) did not find any beans (OnBeanCondition)\r\n\r\n   JdbcClientAutoConfiguration matched:\r\n      - @ConditionalOnSingleCandidate (types: org.springframework.jdbc.core.namedparam.NamedParameterJdbcTemplate; SearchStrategy: all) found a single bean 'namedParameterJdbcTemplate'; @ConditionalOnMissingBean (types: org.springframework.jdbc.core.simple.JdbcClient; SearchStrategy: all) did not find any beans (OnBeanCondition)\r\n\r\n   JdbcTemplateAutoConfiguration matched:\r\n      - @ConditionalOnClass found required classes 'javax.sql.DataSource', 'org.springframework.jdbc.core.JdbcTemplate' (OnClassCondition)\r\n      - @ConditionalOnSingleCandidate (types: javax.sql.DataSource; SearchStrategy: all) found a single bean 'dataSource' (OnBeanCondition)\r\n\r\n   JdbcTemplateConfiguration matched:\r\n      - @ConditionalOnMissingBean (types: org.springframework.jdbc.core.JdbcOperations; SearchStrategy: all) did not find any beans (OnBeanCondition)\r\n\r\n   JpaBaseConfiguration#entityManagerFactory matched:\r\n      - @ConditionalOnMissingBean (types: org.springframework.orm.jpa.LocalContainerEntityManagerFactoryBean,jakarta.persistence.EntityManagerFactory; SearchStrategy: all) did not find any beans (OnBeanCondition)\r\n\r\n   JpaBaseConfiguration#entityManagerFactoryBuilder matched:\r\n      - @ConditionalOnMissingBean (types: org.springframework.boot.orm.jpa.EntityManagerFactoryBuilder; SearchStrategy: all) did not find any beans (OnBeanCondition)\r\n\r\n   JpaBaseConfiguration#jpaVendorAdapter matched:\r\n      - @ConditionalOnMissingBean (types: org.springframework.orm.jpa.JpaVendorAdapter; SearchStrategy: all) did not find any beans (OnBeanCondition)\r\n\r\n   JpaBaseConfiguration#transactionManager matched:\r\n      - @ConditionalOnMissingBean (types: org.springframework.transaction.TransactionManager; SearchStrategy: all) did not find any beans (OnBeanCondition)\r\n\r\n   JpaBaseConfiguration.PersistenceManagedTypesConfiguration matched:\r\n      - @ConditionalOnMissingBean (types: org.springframework.orm.jpa.LocalContainerEntityManagerFactoryBean,jakarta.persistence.EntityManagerFactory; SearchStrategy: all) did not find any beans (OnBeanCondition)\r\n\r\n   JpaBaseConfiguration.PersistenceManagedTypesConfiguration#persistenceManagedTypes matched:\r\n      - @ConditionalOnMissingBean (types: org.springframework.orm.jpa.persistenceunit.PersistenceManagedTypes; SearchStrategy: all) did not find any beans (OnBeanCondition)\r\n\r\n   JtaAutoConfiguration matched:\r\n      - @ConditionalOnClass found required class 'jakarta.transaction.Transaction' (OnClassCondition)\r\n      - @ConditionalOnProperty (spring.jta.enabled) matched (OnPropertyCondition)\r\n\r\n   LifecycleAutoConfiguration#defaultLifecycleProcessor matched:\r\n      - @ConditionalOnMissingBean (names: lifecycleProcessor; SearchStrategy: current) did not find any beans (OnBeanCondition)\r\n\r\n   MultipartAutoConfiguration matched:\r\n      - @ConditionalOnClass found required classes 'jakarta.servlet.Servlet', 'org.springframework.web.multipart.support.StandardServletMultipartResolver', 'jakarta.servlet.MultipartConfigElement' (OnClassCondition)\r\n      - found 'session' scope (OnWebApplicationCondition)\r\n      - @ConditionalOnProperty (spring.servlet.multipart.enabled) matched (OnPropertyCondition)\r\n\r\n   MultipartAutoConfiguration#multipartConfigElement matched:\r\n      - @ConditionalOnMissingBean (types: jakarta.servlet.MultipartConfigElement; SearchStrategy: all) did not find any beans (OnBeanCondition)\r\n\r\n   MultipartAutoConfiguration#multipartResolver matched:\r\n      - @ConditionalOnMissingBean (types: org.springframework.web.multipart.MultipartResolver; SearchStrategy: all) did not find any beans (OnBeanCondition)\r\n\r\n   NamedParameterJdbcTemplateConfiguration matched:\r\n      - @ConditionalOnSingleCandidate (types: org.springframework.jdbc.core.JdbcTemplate; SearchStrategy: all) found a single bean 'jdbcTemplate'; @ConditionalOnMissingBean (types: org.springframework.jdbc.core.namedparam.NamedParameterJdbcOperations; SearchStrategy: all) did not find any beans (OnBeanCondition)\r\n\r\n   NoOpCacheConfiguration matched:\r\n      - Cache org.springframework.boot.autoconfigure.cache.NoOpCacheConfiguration automatic cache type (CacheCondition)\r\n\r\n   PersistenceExceptionTranslationAutoConfiguration matched:\r\n      - @ConditionalOnClass found required class 'org.springframework.dao.annotation.PersistenceExceptionTranslationPostProcessor' (OnClassCondition)\r\n\r\n   PersistenceExceptionTranslationAutoConfiguration#persistenceExceptionTranslationPostProcessor matched:\r\n      - @ConditionalOnProperty (spring.dao.exceptiontranslation.enabled) matched (OnPropertyCondition)\r\n      - @ConditionalOnMissingBean (types: org.springframework.dao.annotation.PersistenceExceptionTranslationPostProcessor; SearchStrategy: all) did not find any beans (OnBeanCondition)\r\n\r\n   PropertyPlaceholderAutoConfiguration#propertySourcesPlaceholderConfigurer matched:\r\n      - @ConditionalOnMissingBean (types: org.springframework.context.support.PropertySourcesPlaceholderConfigurer; SearchStrategy: current) did not find any beans (OnBeanCondition)\r\n\r\n   ReactiveSecurityAutoConfiguration matched:\r\n      - @ConditionalOnClass found required classes 'reactor.core.publisher.Flux', 'org.springframework.security.config.annotation.web.reactive.EnableWebFluxSecurity', 'org.springframework.security.web.server.WebFilterChainProxy', 'org.springframework.web.reactive.config.WebFluxConfigurer' (OnClassCondition)\r\n\r\n   ReactorAutoConfiguration matched:\r\n      - @ConditionalOnClass found required class 'reactor.core.publisher.Hooks' (OnClassCondition)\r\n\r\n   RestClientAutoConfiguration matched:\r\n      - @ConditionalOnClass found required class 'org.springframework.web.client.RestClient' (OnClassCondition)\r\n      - NoneNestedConditions 0 matched 1 did not; NestedCondition on NotReactiveWebApplicationCondition.ReactiveWebApplication not a reactive web application (NotReactiveWebApplicationCondition)\r\n\r\n   RestClientAutoConfiguration#httpMessageConvertersRestClientCustomizer matched:\r\n      - @ConditionalOnMissingBean (types: org.springframework.boot.autoconfigure.web.client.HttpMessageConvertersRestClientCustomizer; SearchStrategy: all) did not find any beans (OnBeanCondition)\r\n\r\n   RestClientAutoConfiguration#restClientBuilder matched:\r\n      - @ConditionalOnMissingBean (types: org.springframework.web.client.RestClient$Builder; SearchStrategy: all) did not find any beans (OnBeanCondition)\r\n\r\n   RestClientAutoConfiguration#restClientBuilderConfigurer matched:\r\n      - @ConditionalOnMissingBean (types: org.springframework.boot.autoconfigure.web.client.RestClientBuilderConfigurer; SearchStrategy: all) did not find any beans (OnBeanCondition)\r\n\r\n   RestClientAutoConfiguration#restClientSsl matched:\r\n      - @ConditionalOnBean (types: org.springframework.boot.ssl.SslBundles; SearchStrategy: all) found bean 'sslBundleRegistry'; @ConditionalOnMissingBean (types: org.springframework.boot.autoconfigure.web.client.RestClientSsl; SearchStrategy: all) did not find any beans (OnBeanCondition)\r\n\r\n   RestTemplateAutoConfiguration matched:\r\n      - @ConditionalOnClass found required class 'org.springframework.web.client.RestTemplate' (OnClassCondition)\r\n      - NoneNestedConditions 0 matched 1 did not; NestedCondition on NotReactiveWebApplicationCondition.ReactiveWebApplication not a reactive web application (NotReactiveWebApplicationCondition)\r\n\r\n   RestTemplateAutoConfiguration#restTemplateBuilder matched:\r\n      - @ConditionalOnMissingBean (types: org.springframework.boot.web.client.RestTemplateBuilder; SearchStrategy: all) did not find any beans (OnBeanCondition)\r\n\r\n   SecurityAutoConfiguration matched:\r\n      - @ConditionalOnClass found required class 'org.springframework.security.authentication.DefaultAuthenticationEventPublisher' (OnClassCondition)\r\n\r\n   SecurityAutoConfiguration#authenticationEventPublisher matched:\r\n      - @ConditionalOnMissingBean (types: org.springframework.security.authentication.AuthenticationEventPublisher; SearchStrategy: all) did not find any beans (OnBeanCondition)\r\n\r\n   SecurityFilterAutoConfiguration matched:\r\n      - @ConditionalOnClass found required classes 'org.springframework.security.web.context.AbstractSecurityWebApplicationInitializer', 'org.springframework.security.config.http.SessionCreationPolicy' (OnClassCondition)\r\n      - found 'session' scope (OnWebApplicationCondition)\r\n\r\n   SecurityFilterAutoConfiguration#securityFilterChainRegistration matched:\r\n      - @ConditionalOnBean (names: springSecurityFilterChain; SearchStrategy: all) found bean 'springSecurityFilterChain' (OnBeanCondition)\r\n\r\n   ServletWebServerFactoryAutoConfiguration matched:\r\n      - @ConditionalOnClass found required class 'jakarta.servlet.ServletRequest' (OnClassCondition)\r\n      - found 'session' scope (OnWebApplicationCondition)\r\n\r\n   ServletWebServerFactoryAutoConfiguration#tomcatServletWebServerFactoryCustomizer matched:\r\n      - @ConditionalOnClass found required class 'org.apache.catalina.startup.Tomcat' (OnClassCondition)\r\n\r\n   SimpleCacheConfiguration matched:\r\n      - Cache org.springframework.boot.autoconfigure.cache.SimpleCacheConfiguration automatic cache type (CacheCondition)\r\n\r\n   SpringBootWebSecurityConfiguration matched:\r\n      - found 'session' scope (OnWebApplicationCondition)\r\n\r\n   SpringBootWebSecurityConfiguration.WebSecurityEnablerConfiguration matched:\r\n      - @ConditionalOnClass found required class 'org.springframework.security.config.annotation.web.configuration.EnableWebSecurity' (OnClassCondition)\r\n      - @ConditionalOnMissingBean (names: springSecurityFilterChain; SearchStrategy: all) did not find any beans (OnBeanCondition)\r\n\r\n   SpringDataWebAutoConfiguration matched:\r\n      - @ConditionalOnClass found required classes 'org.springframework.data.web.PageableHandlerMethodArgumentResolver', 'org.springframework.web.servlet.config.annotation.WebMvcConfigurer' (OnClassCondition)\r\n      - found 'session' scope (OnWebApplicationCondition)\r\n      - @ConditionalOnMissingBean (types: org.springframework.data.web.PageableHandlerMethodArgumentResolver; SearchStrategy: all) did not find any beans (OnBeanCondition)\r\n\r\n   SpringDataWebAutoConfiguration#pageableCustomizer matched:\r\n      - @ConditionalOnMissingBean (types: org.springframework.data.web.config.PageableHandlerMethodArgumentResolverCustomizer; SearchStrategy: all) did not find any beans (OnBeanCondition)\r\n\r\n   SpringDataWebAutoConfiguration#sortCustomizer matched:\r\n      - @ConditionalOnMissingBean (types: org.springframework.data.web.config.SortHandlerMethodArgumentResolverCustomizer; SearchStrategy: all) did not find any beans (OnBeanCondition)\r\n\r\n   SpringDocConfigProperties matched:\r\n      - @ConditionalOnProperty (springdoc.api-docs.enabled) matched (OnPropertyCondition)\r\n      - @ConditionalOnBean (types: org.springdoc.core.configuration.SpringDocConfiguration; SearchStrategy: all) found bean 'org.springdoc.core.configuration.SpringDocConfiguration' (OnBeanCondition)\r\n\r\n   SpringDocConfiguration matched:\r\n      - @ConditionalOnWebApplication (required) found 'session' scope (OnWebApplicationCondition)\r\n      - @ConditionalOnProperty (springdoc.api-docs.enabled) matched (OnPropertyCondition)\r\n\r\n   SpringDocConfiguration#fileSupportConverter matched:\r\n      - @ConditionalOnMissingBean (types: org.springdoc.core.converters.FileSupportConverter; SearchStrategy: all) did not find any beans (OnBeanCondition)\r\n\r\n   SpringDocConfiguration#openAPIBuilder matched:\r\n      - @ConditionalOnMissingBean (types: org.springdoc.core.service.OpenAPIService; SearchStrategy: all) did not find any beans (OnBeanCondition)\r\n\r\n   SpringDocConfiguration#operationBuilder matched:\r\n      - @ConditionalOnMissingBean (types: org.springdoc.core.service.OperationService; SearchStrategy: all) did not find any beans (OnBeanCondition)\r\n\r\n   SpringDocConfiguration#parameterBuilder matched:\r\n      - @ConditionalOnMissingBean (types: org.springdoc.core.service.GenericParameterService; SearchStrategy: all) did not find any beans (OnBeanCondition)\r\n\r\n   SpringDocConfiguration#polymorphicModelConverter matched:\r\n      - @ConditionalOnProperty (springdoc.model-converters.polymorphic-converter.enabled) matched (OnPropertyCondition)\r\n      - @ConditionalOnMissingBean (types: org.springdoc.core.converters.PolymorphicModelConverter; SearchStrategy: all) did not find any beans (OnBeanCondition)\r\n\r\n   SpringDocConfiguration#requestBodyBuilder matched:\r\n      - @ConditionalOnMissingBean (types: org.springdoc.core.service.RequestBodyService; SearchStrategy: all) did not find any beans (OnBeanCondition)\r\n\r\n   SpringDocConfiguration#responseSupportConverter matched:\r\n      - @ConditionalOnMissingBean (types: org.springdoc.core.converters.ResponseSupportConverter; SearchStrategy: all) did not find any beans (OnBeanCondition)\r\n\r\n   SpringDocConfiguration#schemaPropertyDeprecatingConverter matched:\r\n      - @ConditionalOnProperty (springdoc.model-converters.deprecating-converter.enabled) matched (OnPropertyCondition)\r\n      - @ConditionalOnMissingBean (types: org.springdoc.core.converters.SchemaPropertyDeprecatingConverter; SearchStrategy: all) did not find any beans (OnBeanCondition)\r\n\r\n   SpringDocConfiguration#securityParser matched:\r\n      - @ConditionalOnMissingBean (types: org.springdoc.core.service.SecurityService; SearchStrategy: all) did not find any beans (OnBeanCondition)\r\n\r\n   SpringDocConfiguration#springDocCustomizers matched:\r\n      - @ConditionalOnMissingBean (types: org.springdoc.core.customizers.SpringDocCustomizers; SearchStrategy: all) did not find any beans (OnBeanCondition)\r\n\r\n   SpringDocConfiguration#springDocProviders matched:\r\n      - @ConditionalOnMissingBean (types: org.springdoc.core.providers.SpringDocProviders; SearchStrategy: all) did not find any beans (OnBeanCondition)\r\n\r\n   SpringDocConfiguration#springdocObjectMapperProvider matched:\r\n      - @ConditionalOnMissingBean (types: org.springdoc.core.providers.ObjectMapperProvider; SearchStrategy: all) did not find any beans (OnBeanCondition)\r\n\r\n   SpringDocConfiguration.QuerydslProvider matched:\r\n      - @ConditionalOnClass found required class 'org.springframework.data.querydsl.binding.QuerydslBindingsFactory' (OnClassCondition)\r\n\r\n   SpringDocConfiguration.QuerydslProvider#queryDslQuerydslPredicateOperationCustomizer matched:\r\n      - @ConditionalOnMissingBean (types: org.springdoc.core.customizers.QuerydslPredicateOperationCustomizer; SearchStrategy: all) did not find any beans (OnBeanCondition)\r\n\r\n   SpringDocConfiguration.SpringDocSpringDataWebPropertiesProvider matched:\r\n      - @ConditionalOnClass found required class 'org.springframework.boot.autoconfigure.data.web.SpringDataWebProperties' (OnClassCondition)\r\n\r\n   SpringDocConfiguration.SpringDocSpringDataWebPropertiesProvider#springDataWebPropertiesProvider matched:\r\n      - @ConditionalOnMissingBean (types: org.springdoc.core.providers.SpringDataWebPropertiesProvider; SearchStrategy: all) did not find any beans (OnBeanCondition)\r\n\r\n   SpringDocConfiguration.SpringDocWebFluxSupportConfiguration matched:\r\n      - @ConditionalOnClass found required class 'reactor.core.publisher.Flux' (OnClassCondition)\r\n\r\n   SpringDocConfiguration.SpringDocWebFluxSupportConfiguration#webFluxSupportConverter matched:\r\n      - @ConditionalOnMissingBean (types: org.springdoc.core.converters.WebFluxSupportConverter; SearchStrategy: all) did not find any beans (OnBeanCondition)\r\n\r\n   SpringDocConfiguration.WebConversionServiceConfiguration matched:\r\n      - @ConditionalOnClass found required class 'org.springframework.boot.autoconfigure.web.format.WebConversionService' (OnClassCondition)\r\n\r\n   SpringDocPageableConfiguration matched:\r\n      - @ConditionalOnClass found required class 'org.springframework.data.domain.Pageable' (OnClassCondition)\r\n      - @ConditionalOnWebApplication (required) found 'session' scope (OnWebApplicationCondition)\r\n      - @ConditionalOnProperty (springdoc.api-docs.enabled) matched (OnPropertyCondition)\r\n      - @ConditionalOnBean (types: org.springdoc.core.configuration.SpringDocConfiguration; SearchStrategy: all) found bean 'org.springdoc.core.configuration.SpringDocConfiguration' (OnBeanCondition)\r\n\r\n   SpringDocPageableConfiguration#delegatingMethodParameterCustomizer matched:\r\n      - @ConditionalOnMissingBean (types: org.springdoc.core.customizers.DelegatingMethodParameterCustomizer; SearchStrategy: all) did not find any beans (OnBeanCondition)\r\n\r\n   SpringDocPageableConfiguration#pageableOpenAPIConverter matched:\r\n      - @ConditionalOnProperty (springdoc.model-converters.pageable-converter.enabled) matched (OnPropertyCondition)\r\n      - @ConditionalOnMissingBean (types: org.springdoc.core.converters.PageableOpenAPIConverter; SearchStrategy: all) did not find any beans (OnBeanCondition)\r\n\r\n   SpringDocSecurityConfiguration matched:\r\n      - @ConditionalOnClass found required class 'org.springframework.security.web.SecurityFilterChain' (OnClassCondition)\r\n      - @ConditionalOnWebApplication (required) found 'session' scope (OnWebApplicationCondition)\r\n      - @ConditionalOnExpression (#{${springdoc.api-docs.enabled:true} and ${springdoc.enable-spring-security:true}}) resulted in true (OnExpressionCondition)\r\n      - @ConditionalOnBean (types: org.springdoc.core.configuration.SpringDocConfiguration; SearchStrategy: all) found bean 'org.springdoc.core.configuration.SpringDocConfiguration' (OnBeanCondition)\r\n\r\n   SpringDocSecurityConfiguration.SpringSecurityLoginEndpointConfiguration matched:\r\n      - @ConditionalOnClass found required class 'jakarta.servlet.Filter' (OnClassCondition)\r\n\r\n   SpringDocSortConfiguration matched:\r\n      - @ConditionalOnClass found required class 'org.springframework.data.domain.Sort' (OnClassCondition)\r\n      - @ConditionalOnWebApplication (required) found 'session' scope (OnWebApplicationCondition)\r\n      - @ConditionalOnProperty (springdoc.api-docs.enabled) matched (OnPropertyCondition)\r\n      - @ConditionalOnBean (types: org.springdoc.core.configuration.SpringDocConfiguration; SearchStrategy: all) found bean 'org.springdoc.core.configuration.SpringDocConfiguration' (OnBeanCondition)\r\n\r\n   SpringDocSortConfiguration#sortOpenAPIConverter matched:\r\n      - @ConditionalOnProperty (springdoc.sort-converter.enabled) matched (OnPropertyCondition)\r\n      - @ConditionalOnMissingBean (types: org.springdoc.core.converters.SortOpenAPIConverter; SearchStrategy: all) did not find any beans (OnBeanCondition)\r\n\r\n   SpringDocUIConfiguration matched:\r\n      - @ConditionalOnWebApplication (required) found 'session' scope (OnWebApplicationCondition)\r\n      - @ConditionalOnBean (types: org.springdoc.core.configuration.SpringDocConfiguration; SearchStrategy: all) found bean 'org.springdoc.core.configuration.SpringDocConfiguration' (OnBeanCondition)\r\n\r\n   SpringDocWebMvcConfiguration matched:\r\n      - found 'session' scope (OnWebApplicationCondition)\r\n      - @ConditionalOnProperty (springdoc.api-docs.enabled) matched (OnPropertyCondition)\r\n      - @ConditionalOnBean (types: org.springdoc.core.configuration.SpringDocConfiguration; SearchStrategy: all) found bean 'org.springdoc.core.configuration.SpringDocConfiguration' (OnBeanCondition)\r\n\r\n   SpringDocWebMvcConfiguration#openApiResource matched:\r\n      - @ConditionalOnExpression (#{(${springdoc.use-management-port:false} == false ) and ${springdoc.enable-default-api-docs:true}}) resulted in true (OnExpressionCondition)\r\n      - @ConditionalOnMissingBean (types: org.springdoc.webmvc.api.OpenApiWebMvcResource; SearchStrategy: all) did not find any beans (OnBeanCondition)\r\n\r\n   SpringDocWebMvcConfiguration#requestBuilder matched:\r\n      - @ConditionalOnMissingBean (types: org.springdoc.webmvc.core.service.RequestService; SearchStrategy: all) did not find any beans (OnBeanCondition)\r\n\r\n   SpringDocWebMvcConfiguration#responseBuilder matched:\r\n      - @ConditionalOnMissingBean (types: org.springdoc.core.service.GenericResponseService; SearchStrategy: all) did not find any beans (OnBeanCondition)\r\n\r\n   SpringDocWebMvcConfiguration#springWebProvider matched:\r\n      - @ConditionalOnMissingBean (types: org.springdoc.core.providers.SpringWebProvider; SearchStrategy: all) did not find any beans (OnBeanCondition)\r\n\r\n   SpringDocWebMvcConfiguration.SpringDocWebMvcRouterConfiguration matched:\r\n      - @ConditionalOnClass found required class 'org.springframework.web.servlet.function.RouterFunction' (OnClassCondition)\r\n\r\n   SpringDocWebMvcConfiguration.SpringDocWebMvcRouterConfiguration#routerFunctionProvider matched:\r\n      - @ConditionalOnMissingBean (types: org.springdoc.webmvc.core.providers.RouterFunctionWebMvcProvider; SearchStrategy: all) did not find any beans (OnBeanCondition)\r\n\r\n   SqlInitializationAutoConfiguration matched:\r\n      - @ConditionalOnProperty (spring.sql.init.enabled) matched (OnPropertyCondition)\r\n      - NoneNestedConditions 0 matched 1 did not; NestedCondition on SqlInitializationAutoConfiguration.SqlInitializationModeCondition.ModeIsNever @ConditionalOnProperty (spring.sql.init.mode=never) found different value in property 'mode' (SqlInitializationAutoConfiguration.SqlInitializationModeCondition)\r\n\r\n   SslAutoConfiguration#sslBundleRegistry matched:\r\n      - @ConditionalOnMissingBean (types: org.springframework.boot.ssl.SslBundleRegistry,org.springframework.boot.ssl.SslBundles; SearchStrategy: all) did not find any beans (OnBeanCondition)\r\n\r\n   org.springdoc.webmvc.ui.SwaggerConfig matched:\r\n      - found 'session' scope (OnWebApplicationCondition)\r\n      - @ConditionalOnProperty (springdoc.swagger-ui.enabled) matched (OnPropertyCondition)\r\n      - @ConditionalOnBean (types: org.springdoc.core.configuration.SpringDocConfiguration; SearchStrategy: all) found bean 'org.springdoc.core.configuration.SpringDocConfiguration' (OnBeanCondition)\r\n\r\n   SwaggerConfig#indexPageTransformer matched:\r\n      - @ConditionalOnMissingBean (types: org.springdoc.webmvc.ui.SwaggerIndexTransformer; SearchStrategy: all) did not find any beans (OnBeanCondition)\r\n\r\n   SwaggerConfig#swaggerConfigResource matched:\r\n      - @ConditionalOnProperty (springdoc.use-management-port=false) matched (OnPropertyCondition)\r\n      - @ConditionalOnMissingBean (types: org.springdoc.webmvc.ui.SwaggerConfigResource; SearchStrategy: all) did not find any beans (OnBeanCondition)\r\n\r\n   SwaggerConfig#swaggerResourceResolver matched:\r\n      - @ConditionalOnMissingBean (types: org.springdoc.webmvc.ui.SwaggerResourceResolver; SearchStrategy: all) did not find any beans (OnBeanCondition)\r\n\r\n   SwaggerConfig#swaggerWebMvcConfigurer matched:\r\n      - @ConditionalOnMissingBean (types: org.springdoc.webmvc.ui.SwaggerWebMvcConfigurer; SearchStrategy: all) did not find any beans (OnBeanCondition)\r\n\r\n   SwaggerConfig#swaggerWelcome matched:\r\n      - @ConditionalOnProperty (springdoc.use-management-port=false) matched (OnPropertyCondition)\r\n      - @ConditionalOnMissingBean (types: org.springdoc.webmvc.ui.SwaggerWelcomeWebMvc; SearchStrategy: all) did not find any beans (OnBeanCondition)\r\n\r\n   SwaggerUiConfigParameters matched:\r\n      - @ConditionalOnProperty (springdoc.swagger-ui.enabled) matched (OnPropertyCondition)\r\n      - @ConditionalOnBean (types: org.springdoc.core.configuration.SpringDocConfiguration; SearchStrategy: all) found bean 'org.springdoc.core.configuration.SpringDocConfiguration' (OnBeanCondition)\r\n\r\n   SwaggerUiConfigProperties matched:\r\n      - @ConditionalOnProperty (springdoc.swagger-ui.enabled) matched (OnPropertyCondition)\r\n      - @ConditionalOnBean (types: org.springdoc.core.configuration.SpringDocConfiguration; SearchStrategy: all) found bean 'org.springdoc.core.configuration.SpringDocConfiguration' (OnBeanCondition)\r\n\r\n   SwaggerUiOAuthProperties matched:\r\n      - @ConditionalOnProperty (springdoc.swagger-ui.enabled) matched (OnPropertyCondition)\r\n      - @ConditionalOnBean (types: org.springdoc.core.configuration.SpringDocConfiguration; SearchStrategy: all) found bean 'org.springdoc.core.configuration.SpringDocConfiguration' (OnBeanCondition)\r\n\r\n   TaskExecutionAutoConfiguration matched:\r\n      - @ConditionalOnClass found required class 'org.springframework.scheduling.concurrent.ThreadPoolTaskExecutor' (OnClassCondition)\r\n\r\n   TaskExecutorConfigurations.SimpleAsyncTaskExecutorBuilderConfiguration#simpleAsyncTaskExecutorBuilder matched:\r\n      - @ConditionalOnMissingBean (types: org.springframework.boot.task.SimpleAsyncTaskExecutorBuilder; SearchStrategy: all) did not find any beans (OnBeanCondition)\r\n      - @ConditionalOnThreading found PLATFORM (OnThreadingCondition)\r\n\r\n   TaskExecutorConfigurations.TaskExecutorBuilderConfiguration#taskExecutorBuilder matched:\r\n      - @ConditionalOnMissingBean (types: org.springframework.boot.task.TaskExecutorBuilder; SearchStrategy: all) did not find any beans (OnBeanCondition)\r\n\r\n   TaskExecutorConfigurations.TaskExecutorConfiguration matched:\r\n      - @ConditionalOnMissingBean (types: java.util.concurrent.Executor; SearchStrategy: all) did not find any beans (OnBeanCondition)\r\n\r\n   TaskExecutorConfigurations.TaskExecutorConfiguration#applicationTaskExecutor matched:\r\n      - @ConditionalOnThreading found PLATFORM (OnThreadingCondition)\r\n\r\n   TaskExecutorConfigurations.ThreadPoolTaskExecutorBuilderConfiguration#threadPoolTaskExecutorBuilder matched:\r\n      - @ConditionalOnMissingBean (types: org.springframework.boot.task.TaskExecutorBuilder,org.springframework.boot.task.ThreadPoolTaskExecutorBuilder; SearchStrategy: all) did not find any beans (OnBeanCondition)\r\n\r\n   TaskSchedulingAutoConfiguration matched:\r\n      - @ConditionalOnClass found required class 'org.springframework.scheduling.concurrent.ThreadPoolTaskScheduler' (OnClassCondition)\r\n\r\n   TaskSchedulingAutoConfiguration#scheduledBeanLazyInitializationExcludeFilter matched:\r\n      - @ConditionalOnBean (names: org.springframework.context.annotation.internalScheduledAnnotationProcessor; SearchStrategy: all) found bean 'org.springframework.context.annotation.internalScheduledAnnotationProcessor' (OnBeanCondition)\r\n\r\n   TaskSchedulingConfigurations.SimpleAsyncTaskSchedulerBuilderConfiguration#simpleAsyncTaskSchedulerBuilder matched:\r\n      - @ConditionalOnMissingBean (types: org.springframework.boot.task.SimpleAsyncTaskSchedulerBuilder; SearchStrategy: all) did not find any beans (OnBeanCondition)\r\n      - @ConditionalOnThreading found PLATFORM (OnThreadingCondition)\r\n\r\n   TaskSchedulingConfigurations.TaskSchedulerBuilderConfiguration#taskSchedulerBuilder matched:\r\n      - @ConditionalOnMissingBean (types: org.springframework.boot.task.TaskSchedulerBuilder; SearchStrategy: all) did not find any beans (OnBeanCondition)\r\n\r\n   TaskSchedulingConfigurations.TaskSchedulerConfiguration matched:\r\n      - @ConditionalOnBean (names: org.springframework.context.annotation.internalScheduledAnnotationProcessor; SearchStrategy: all) found bean 'org.springframework.context.annotation.internalScheduledAnnotationProcessor'; @ConditionalOnMissingBean (types: org.springframework.scheduling.TaskScheduler,java.util.concurrent.ScheduledExecutorService; SearchStrategy: all) did not find any beans (OnBeanCondition)\r\n\r\n   TaskSchedulingConfigurations.TaskSchedulerConfiguration#taskScheduler matched:\r\n      - @ConditionalOnThreading found PLATFORM (OnThreadingCondition)\r\n\r\n   TaskSchedulingConfigurations.ThreadPoolTaskSchedulerBuilderConfiguration#threadPoolTaskSchedulerBuilder matched:\r\n      - @ConditionalOnMissingBean (types: org.springframework.boot.task.TaskSchedulerBuilder,org.springframework.boot.task.ThreadPoolTaskSchedulerBuilder; SearchStrategy: all) did not find any beans (OnBeanCondition)\r\n\r\n   TransactionAutoConfiguration matched:\r\n      - @ConditionalOnClass found required class 'org.springframework.transaction.PlatformTransactionManager' (OnClassCondition)\r\n\r\n   TransactionAutoConfiguration.EnableTransactionManagementConfiguration matched:\r\n      - @ConditionalOnBean (types: org.springframework.transaction.TransactionManager; SearchStrategy: all) found bean 'transactionManager'; @ConditionalOnMissingBean (types: org.springframework.transaction.annotation.AbstractTransactionManagementConfiguration; SearchStrategy: all) did not find any beans (OnBeanCondition)\r\n\r\n   TransactionAutoConfiguration.EnableTransactionManagementConfiguration.CglibAutoProxyConfiguration matched:\r\n      - @ConditionalOnProperty (spring.aop.proxy-target-class=true) matched (OnPropertyCondition)\r\n\r\n   TransactionAutoConfiguration.TransactionTemplateConfiguration matched:\r\n      - @ConditionalOnSingleCandidate (types: org.springframework.transaction.PlatformTransactionManager; SearchStrategy: all) found a single bean 'transactionManager' (OnBeanCondition)\r\n\r\n   TransactionAutoConfiguration.TransactionTemplateConfiguration#transactionTemplate matched:\r\n      - @ConditionalOnMissingBean (types: org.springframework.transaction.support.TransactionOperations; SearchStrategy: all) did not find any beans (OnBeanCondition)\r\n\r\n   TransactionManagerCustomizationAutoConfiguration matched:\r\n      - @ConditionalOnClass found required class 'org.springframework.transaction.PlatformTransactionManager' (OnClassCondition)\r\n\r\n   TransactionManagerCustomizationAutoConfiguration#platformTransactionManagerCustomizers matched:\r\n      - @ConditionalOnMissingBean (types: org.springframework.boot.autoconfigure.transaction.TransactionManagerCustomizers; SearchStrategy: all) did not find any beans (OnBeanCondition)\r\n\r\n   WebClientAutoConfiguration matched:\r\n      - @ConditionalOnClass found required class 'org.springframework.web.reactive.function.client.WebClient' (OnClassCondition)\r\n\r\n   WebClientAutoConfiguration#webClientBuilder matched:\r\n      - @ConditionalOnMissingBean (types: org.springframework.web.reactive.function.client.WebClient$Builder; SearchStrategy: all) did not find any beans (OnBeanCondition)\r\n\r\n   WebClientAutoConfiguration#webClientSsl matched:\r\n      - @ConditionalOnBean (types: org.springframework.boot.ssl.SslBundles; SearchStrategy: all) found bean 'sslBundleRegistry'; @ConditionalOnMissingBean (types: org.springframework.boot.autoconfigure.web.reactive.function.client.WebClientSsl; SearchStrategy: all) did not find any beans (OnBeanCondition)\r\n\r\n   WebClientAutoConfiguration.WebClientCodecsConfiguration matched:\r\n      - @ConditionalOnBean (types: org.springframework.boot.web.codec.CodecCustomizer; SearchStrategy: all) found beans 'jacksonCodecCustomizer', 'defaultCodecCustomizer' (OnBeanCondition)\r\n\r\n   WebClientAutoConfiguration.WebClientCodecsConfiguration#exchangeStrategiesCustomizer matched:\r\n      - @ConditionalOnMissingBean (types: org.springframework.boot.autoconfigure.web.reactive.function.client.WebClientCodecCustomizer; SearchStrategy: all) did not find any beans (OnBeanCondition)\r\n\r\n   WebMvcAutoConfiguration matched:\r\n      - @ConditionalOnClass found required classes 'jakarta.servlet.Servlet', 'org.springframework.web.servlet.DispatcherServlet', 'org.springframework.web.servlet.config.annotation.WebMvcConfigurer' (OnClassCondition)\r\n      - found 'session' scope (OnWebApplicationCondition)\r\n      - @ConditionalOnMissingBean (types: org.springframework.web.servlet.config.annotation.WebMvcConfigurationSupport; SearchStrategy: all) did not find any beans (OnBeanCondition)\r\n\r\n   WebMvcAutoConfiguration#formContentFilter matched:\r\n      - @ConditionalOnProperty (spring.mvc.formcontent.filter.enabled) matched (OnPropertyCondition)\r\n      - @ConditionalOnMissingBean (types: org.springframework.web.filter.FormContentFilter; SearchStrategy: all) did not find any beans (OnBeanCondition)\r\n\r\n   WebMvcAutoConfiguration.EnableWebMvcConfiguration#flashMapManager matched:\r\n      - @ConditionalOnMissingBean (names: flashMapManager; SearchStrategy: all) did not find any beans (OnBeanCondition)\r\n\r\n   WebMvcAutoConfiguration.EnableWebMvcConfiguration#localeResolver matched:\r\n      - @ConditionalOnMissingBean (names: localeResolver; SearchStrategy: all) did not find any beans (OnBeanCondition)\r\n\r\n   WebMvcAutoConfiguration.EnableWebMvcConfiguration#themeResolver matched:\r\n      - @ConditionalOnMissingBean (names: themeResolver; SearchStrategy: all) did not find any beans (OnBeanCondition)\r\n\r\n   WebMvcAutoConfiguration.WebMvcAutoConfigurationAdapter#defaultViewResolver matched:\r\n      - @ConditionalOnMissingBean (types: org.springframework.web.servlet.view.InternalResourceViewResolver; SearchStrategy: all) did not find any beans (OnBeanCondition)\r\n\r\n   WebMvcAutoConfiguration.WebMvcAutoConfigurationAdapter#requestContextFilter matched:\r\n      - @ConditionalOnMissingBean (types: org.springframework.web.context.request.RequestContextListener,org.springframework.web.filter.RequestContextFilter; SearchStrategy: all) did not find any beans (OnBeanCondition)\r\n\r\n   WebMvcAutoConfiguration.WebMvcAutoConfigurationAdapter#viewResolver matched:\r\n      - @ConditionalOnBean (types: org.springframework.web.servlet.ViewResolver; SearchStrategy: all) found beans 'defaultViewResolver', 'beanNameViewResolver', 'mvcViewResolver'; @ConditionalOnMissingBean (names: viewResolver types: org.springframework.web.servlet.view.ContentNegotiatingViewResolver; SearchStrategy: all) did not find any beans (OnBeanCondition)\r\n\r\n\r\nNegative matches:\r\n-----------------\r\n\r\n   ActiveMQAutoConfiguration:\r\n      Did not match:\r\n         - @ConditionalOnClass did not find required class 'jakarta.jms.ConnectionFactory' (OnClassCondition)\r\n\r\n   AopAutoConfiguration.AspectJAutoProxyingConfiguration:\r\n      Did not match:\r\n         - @ConditionalOnClass did not find required class 'org.aspectj.weaver.Advice' (OnClassCondition)\r\n\r\n   ArtemisAutoConfiguration:\r\n      Did not match:\r\n         - @ConditionalOnClass did not find required class 'jakarta.jms.ConnectionFactory' (OnClassCondition)\r\n\r\n   BatchAutoConfiguration:\r\n      Did not match:\r\n         - @ConditionalOnClass did not find required class 'org.springframework.batch.core.launch.JobLauncher' (OnClassCondition)\r\n\r\n   Cache2kCacheConfiguration:\r\n      Did not match:\r\n         - @ConditionalOnClass did not find required class 'org.cache2k.Cache2kBuilder' (OnClassCondition)\r\n\r\n   CacheAutoConfiguration:\r\n      Did not match:\r\n         - @ConditionalOnBean (types: org.springframework.cache.interceptor.CacheAspectSupport; SearchStrategy: all) did not find any beans of type org.springframework.cache.interceptor.CacheAspectSupport (OnBeanCondition)\r\n      Matched:\r\n         - @ConditionalOnClass found required class 'org.springframework.cache.CacheManager' (OnClassCondition)\r\n\r\n   CacheAutoConfiguration.CacheManagerEntityManagerFactoryDependsOnPostProcessor:\r\n      Did not match:\r\n         - Ancestor org.springframework.boot.autoconfigure.cache.CacheAutoConfiguration did not match (ConditionEvaluationReport.AncestorsMatchedCondition)\r\n      Matched:\r\n         - @ConditionalOnClass found required class 'org.springframework.orm.jpa.LocalContainerEntityManagerFactoryBean' (OnClassCondition)\r\n\r\n   CaffeineCacheConfiguration:\r\n      Did not match:\r\n         - @ConditionalOnClass did not find required class 'com.github.benmanes.caffeine.cache.Caffeine' (OnClassCondition)\r\n\r\n   CassandraAutoConfiguration:\r\n      Did not match:\r\n         - @ConditionalOnClass did not find required class 'com.datastax.oss.driver.api.core.CqlSession' (OnClassCondition)\r\n\r\n   CassandraDataAutoConfiguration:\r\n      Did not match:\r\n         - @ConditionalOnClass did not find required class 'com.datastax.oss.driver.api.core.CqlSession' (OnClassCondition)\r\n\r\n   CassandraReactiveDataAutoConfiguration:\r\n      Did not match:\r\n         - @ConditionalOnClass did not find required class 'com.datastax.oss.driver.api.core.CqlSession' (OnClassCondition)\r\n\r\n   CassandraReactiveRepositoriesAutoConfiguration:\r\n      Did not match:\r\n         - @ConditionalOnClass did not find required class 'org.springframework.data.cassandra.ReactiveSession' (OnClassCondition)\r\n\r\n   CassandraRepositoriesAutoConfiguration:\r\n      Did not match:\r\n         - @ConditionalOnClass did not find required class 'com.datastax.oss.driver.api.core.CqlSession' (OnClassCondition)\r\n\r\n   ClientHttpConnectorFactoryConfiguration.HttpClient5:\r\n      Did not match:\r\n         - @ConditionalOnClass did not find required classes 'org.apache.hc.client5.http.impl.async.HttpAsyncClients', 'org.apache.hc.core5.http.nio.AsyncRequestProducer', 'org.apache.hc.core5.reactive.ReactiveResponseConsumer' (OnClassCondition)\r\n\r\n   ClientHttpConnectorFactoryConfiguration.ReactorNetty:\r\n      Did not match:\r\n         - @ConditionalOnClass did not find required class 'reactor.netty.http.client.HttpClient' (OnClassCondition)\r\n\r\n   CouchbaseAutoConfiguration:\r\n      Did not match:\r\n         - @ConditionalOnClass did not find required class 'com.couchbase.client.java.Cluster' (OnClassCondition)\r\n\r\n   CouchbaseCacheConfiguration:\r\n      Did not match:\r\n         - @ConditionalOnClass did not find required class 'com.couchbase.client.java.Cluster' (OnClassCondition)\r\n\r\n   CouchbaseDataAutoConfiguration:\r\n      Did not match:\r\n         - @ConditionalOnClass did not find required class 'com.couchbase.client.java.Bucket' (OnClassCondition)\r\n\r\n   CouchbaseReactiveDataAutoConfiguration:\r\n      Did not match:\r\n         - @ConditionalOnClass did not find required class 'com.couchbase.client.java.Cluster' (OnClassCondition)\r\n\r\n   CouchbaseReactiveRepositoriesAutoConfiguration:\r\n      Did not match:\r\n         - @ConditionalOnClass did not find required class 'com.couchbase.client.java.Cluster' (OnClassCondition)\r\n\r\n   CouchbaseRepositoriesAutoConfiguration:\r\n      Did not match:\r\n         - @ConditionalOnClass did not find required class 'com.couchbase.client.java.Bucket' (OnClassCondition)\r\n\r\n   DataSourceAutoConfiguration.EmbeddedDatabaseConfiguration:\r\n      Did not match:\r\n         - EmbeddedDataSource spring.datasource.url is set (DataSourceAutoConfiguration.EmbeddedDatabaseCondition)\r\n\r\n   DataSourceAutoConfiguration.PooledDataSourceConfiguration:\r\n      Did not match:\r\n         - @ConditionalOnMissingBean (types: javax.sql.DataSource,javax.sql.XADataSource; SearchStrategy: all) found beans of type 'javax.sql.DataSource' dataSource (OnBeanCondition)\r\n      Matched:\r\n         - AnyNestedCondition 1 matched 1 did not; NestedCondition on DataSourceAutoConfiguration.PooledDataSourceCondition.PooledDataSourceAvailable PooledDataSource found supported DataSource; NestedCondition on DataSourceAutoConfiguration.PooledDataSourceCondition.ExplicitType @ConditionalOnProperty (spring.datasource.type) did not find property 'type' (DataSourceAutoConfiguration.PooledDataSourceCondition)\r\n\r\n   DataSourceCheckpointRestoreConfiguration:\r\n      Did not match:\r\n         - @ConditionalOnClass did not find required class 'org.crac.Resource' (OnClassCondition)\r\n\r\n   DataSourceConfiguration.Dbcp2:\r\n      Did not match:\r\n         - @ConditionalOnClass did not find required class 'org.apache.commons.dbcp2.BasicDataSource' (OnClassCondition)\r\n\r\n   DataSourceConfiguration.Generic:\r\n      Did not match:\r\n         - @ConditionalOnProperty (spring.datasource.type) did not find property 'spring.datasource.type' (OnPropertyCondition)\r\n\r\n   DataSourceConfiguration.OracleUcp:\r\n      Did not match:\r\n         - @ConditionalOnClass did not find required classes 'oracle.ucp.jdbc.PoolDataSourceImpl', 'oracle.jdbc.OracleConnection' (OnClassCondition)\r\n\r\n   DataSourceConfiguration.Tomcat:\r\n      Did not match:\r\n         - @ConditionalOnClass did not find required class 'org.apache.tomcat.jdbc.pool.DataSource' (OnClassCondition)\r\n\r\n   DataSourceJmxConfiguration:\r\n      Did not match:\r\n         - @ConditionalOnProperty (spring.jmx.enabled=true) found different value in property 'enabled' (OnPropertyCondition)\r\n\r\n   DataSourcePoolMetadataProvidersConfiguration.CommonsDbcp2PoolDataSourceMetadataProviderConfiguration:\r\n      Did not match:\r\n         - @ConditionalOnClass did not find required class 'org.apache.commons.dbcp2.BasicDataSource' (OnClassCondition)\r\n\r\n   DataSourcePoolMetadataProvidersConfiguration.OracleUcpPoolDataSourceMetadataProviderConfiguration:\r\n      Did not match:\r\n         - @ConditionalOnClass did not find required classes 'oracle.ucp.jdbc.PoolDataSource', 'oracle.jdbc.OracleConnection' (OnClassCondition)\r\n\r\n   DataSourcePoolMetadataProvidersConfiguration.TomcatDataSourcePoolMetadataProviderConfiguration:\r\n      Did not match:\r\n         - @ConditionalOnClass did not find required class 'org.apache.tomcat.jdbc.pool.DataSource' (OnClassCondition)\r\n\r\n   DataSourceTransactionManagerAutoConfiguration.JdbcTransactionManagerConfiguration#transactionManager:\r\n      Did not match:\r\n         - @ConditionalOnMissingBean (types: org.springframework.transaction.TransactionManager; SearchStrategy: all) found beans of type 'org.springframework.transaction.TransactionManager' transactionManager (OnBeanCondition)\r\n\r\n   DispatcherServletAutoConfiguration.DispatcherServletConfiguration#multipartResolver:\r\n      Did not match:\r\n         - @ConditionalOnBean (types: org.springframework.web.multipart.MultipartResolver; SearchStrategy: all) did not find any beans of type org.springframework.web.multipart.MultipartResolver (OnBeanCondition)\r\n\r\n   ElasticsearchClientAutoConfiguration:\r\n      Did not match:\r\n         - @ConditionalOnClass did not find required class 'co.elastic.clients.elasticsearch.ElasticsearchClient' (OnClassCondition)\r\n\r\n   ElasticsearchDataAutoConfiguration:\r\n      Did not match:\r\n         - @ConditionalOnClass did not find required class 'org.springframework.data.elasticsearch.client.elc.ElasticsearchTemplate' (OnClassCondition)\r\n\r\n   ElasticsearchRepositoriesAutoConfiguration:\r\n      Did not match:\r\n         - @ConditionalOnClass did not find required class 'org.springframework.data.elasticsearch.repository.ElasticsearchRepository' (OnClassCondition)\r\n\r\n   ElasticsearchRestClientAutoConfiguration:\r\n      Did not match:\r\n         - @ConditionalOnClass did not find required class 'org.elasticsearch.client.RestClientBuilder' (OnClassCondition)\r\n\r\n   EmbeddedLdapAutoConfiguration:\r\n      Did not match:\r\n         - @ConditionalOnClass did not find required class 'com.unboundid.ldap.listener.InMemoryDirectoryServer' (OnClassCondition)\r\n\r\n   EmbeddedWebServerFactoryCustomizerAutoConfiguration.JettyWebServerFactoryCustomizerConfiguration:\r\n      Did not match:\r\n         - @ConditionalOnClass did not find required classes 'org.eclipse.jetty.server.Server', 'org.eclipse.jetty.util.Loader', 'org.eclipse.jetty.ee10.webapp.WebAppContext' (OnClassCondition)\r\n\r\n   EmbeddedWebServerFactoryCustomizerAutoConfiguration.NettyWebServerFactoryCustomizerConfiguration:\r\n      Did not match:\r\n         - @ConditionalOnClass did not find required class 'reactor.netty.http.server.HttpServer' (OnClassCondition)\r\n\r\n   EmbeddedWebServerFactoryCustomizerAutoConfiguration.TomcatWebServerFactoryCustomizerConfiguration#tomcatVirtualThreadsProtocolHandlerCustomizer:\r\n      Did not match:\r\n         - @ConditionalOnThreading did not find VIRTUAL (OnThreadingCondition)\r\n\r\n   EmbeddedWebServerFactoryCustomizerAutoConfiguration.UndertowWebServerFactoryCustomizerConfiguration:\r\n      Did not match:\r\n         - @ConditionalOnClass did not find required classes 'io.undertow.Undertow', 'org.xnio.SslClientAuthMode' (OnClassCondition)\r\n\r\n   ErrorWebFluxAutoConfiguration:\r\n      Did not match:\r\n         - not a reactive web application (OnWebApplicationCondition)\r\n      Matched:\r\n         - @ConditionalOnClass found required class 'org.springframework.web.reactive.config.WebFluxConfigurer' (OnClassCondition)\r\n\r\n   FlywayAutoConfiguration:\r\n      Did not match:\r\n         - @ConditionalOnClass did not find required class 'org.flywaydb.core.Flyway' (OnClassCondition)\r\n\r\n   FreeMarkerAutoConfiguration:\r\n      Did not match:\r\n         - @ConditionalOnClass did not find required class 'freemarker.template.Configuration' (OnClassCondition)\r\n\r\n   GraphQlAutoConfiguration:\r\n      Did not match:\r\n         - @ConditionalOnClass did not find required class 'graphql.GraphQL' (OnClassCondition)\r\n\r\n   GraphQlQueryByExampleAutoConfiguration:\r\n      Did not match:\r\n         - @ConditionalOnClass did not find required class 'graphql.GraphQL' (OnClassCondition)\r\n\r\n   GraphQlQuerydslAutoConfiguration:\r\n      Did not match:\r\n         - @ConditionalOnClass did not find required class 'com.querydsl.core.Query' (OnClassCondition)\r\n\r\n   GraphQlRSocketAutoConfiguration:\r\n      Did not match:\r\n         - @ConditionalOnClass did not find required class 'graphql.GraphQL' (OnClassCondition)\r\n\r\n   GraphQlReactiveQueryByExampleAutoConfiguration:\r\n      Did not match:\r\n         - @ConditionalOnClass did not find required class 'graphql.GraphQL' (OnClassCondition)\r\n\r\n   GraphQlReactiveQuerydslAutoConfiguration:\r\n      Did not match:\r\n         - @ConditionalOnClass did not find required class 'com.querydsl.core.Query' (OnClassCondition)\r\n\r\n   GraphQlWebFluxAutoConfiguration:\r\n      Did not match:\r\n         - @ConditionalOnClass did not find required class 'graphql.GraphQL' (OnClassCondition)\r\n\r\n   GraphQlWebFluxSecurityAutoConfiguration:\r\n      Did not match:\r\n         - @ConditionalOnClass did not find required class 'graphql.GraphQL' (OnClassCondition)\r\n\r\n   GraphQlWebMvcAutoConfiguration:\r\n      Did not match:\r\n         - @ConditionalOnClass did not find required class 'graphql.GraphQL' (OnClassCondition)\r\n\r\n   GraphQlWebMvcSecurityAutoConfiguration:\r\n      Did not match:\r\n         - @ConditionalOnClass did not find required class 'graphql.GraphQL' (OnClassCondition)\r\n\r\n   GroovyTemplateAutoConfiguration:\r\n      Did not match:\r\n         - @ConditionalOnClass did not find required class 'groovy.text.markup.MarkupTemplateEngine' (OnClassCondition)\r\n\r\n   GsonAutoConfiguration:\r\n      Did not match:\r\n         - @ConditionalOnClass did not find required class 'com.google.gson.Gson' (OnClassCondition)\r\n\r\n   GsonHttpMessageConvertersConfiguration:\r\n      Did not match:\r\n         - @ConditionalOnClass did not find required class 'com.google.gson.Gson' (OnClassCondition)\r\n\r\n   H2ConsoleAutoConfiguration:\r\n      Did not match:\
[...]
ig#swaggerUiConfigParameters:\r\n      Did not match:\r\n         - @ConditionalOnMissingBean (types: org.springdoc.core.properties.SwaggerUiConfigParameters; SearchStrategy: all) found beans of type 'org.springdoc.core.properties.SwaggerUiConfigParameters' org.springdoc.core.properties.SwaggerUiConfigParameters (OnBeanCondition)\r\n\r\n   SwaggerConfig#swaggerUiHome:\r\n      Did not match:\r\n         - @ConditionalOnProperty (springdoc.swagger-ui.use-root-path=true) did not find property 'springdoc.swagger-ui.use-root-path' (OnPropertyCondition)\r\n\r\n   SwaggerConfig.SwaggerActuatorWelcomeConfiguration:\r\n      Did not match:\r\n         - @ConditionalOnClass did not find required class 'org.springframework.boot.actuate.endpoint.web.servlet.WebMvcEndpointHandlerMapping' (OnClassCondition)\r\n\r\n   TaskExecutorConfigurations.SimpleAsyncTaskExecutorBuilderConfiguration#simpleAsyncTaskExecutorBuilderVirtualThreads:\r\n      Did not match:\r\n         - @ConditionalOnMissingBean (types: org.springframework.boot.task.SimpleAsyncTaskExecutorBuilder; SearchStrategy: all) found beans of type 'org.springframework.boot.task.SimpleAsyncTaskExecutorBuilder' simpleAsyncTaskExecutorBuilder (OnBeanCondition)\r\n\r\n   TaskExecutorConfigurations.TaskExecutorConfiguration#applicationTaskExecutorVirtualThreads:\r\n      Did not match:\r\n         - @ConditionalOnThreading did not find VIRTUAL (OnThreadingCondition)\r\n\r\n   TaskSchedulingConfigurations.SimpleAsyncTaskSchedulerBuilderConfiguration#simpleAsyncTaskSchedulerBuilderVirtualThreads:\r\n      Did not match:\r\n         - @ConditionalOnMissingBean (types: org.springframework.boot.task.SimpleAsyncTaskSchedulerBuilder; SearchStrategy: all) found beans of type 'org.springframework.boot.task.SimpleAsyncTaskSchedulerBuilder' simpleAsyncTaskSchedulerBuilder (OnBeanCondition)\r\n\r\n   TaskSchedulingConfigurations.TaskSchedulerConfiguration#taskSchedulerVirtualThreads:\r\n      Did not match:\r\n         - @ConditionalOnThreading did not find VIRTUAL (OnThreadingCondition)\r\n\r\n   ThymeleafAutoConfiguration:\r\n      Did not match:\r\n         - @ConditionalOnClass did not find required class 'org.thymeleaf.spring6.SpringTemplateEngine' (OnClassCondition)\r\n\r\n   TransactionAutoConfiguration#transactionalOperator:\r\n      Did not match:\r\n         - @ConditionalOnSingleCandidate (types: org.springframework.transaction.ReactiveTransactionManager; SearchStrategy: all) did not find any beans (OnBeanCondition)\r\n\r\n   TransactionAutoConfiguration.AspectJTransactionManagementConfiguration:\r\n      Did not match:\r\n         - @ConditionalOnBean did not find required type 'org.springframework.transaction.aspectj.AbstractTransactionAspect' (OnBeanCondition)\r\n         - @ConditionalOnBean (types: org.springframework.transaction.aspectj.AbstractTransactionAspect; SearchStrategy: all) did not find any beans of type org.springframework.transaction.aspectj.AbstractTransactionAspect (OnBeanCondition)\r\n\r\n   TransactionAutoConfiguration.EnableTransactionManagementConfiguration.JdkDynamicAutoProxyConfiguration:\r\n      Did not match:\r\n         - @ConditionalOnProperty (spring.aop.proxy-target-class=false) did not find property 'proxy-target-class' (OnPropertyCondition)\r\n\r\n   UserDetailsServiceAutoConfiguration:\r\n      Did not match:\r\n         - @ConditionalOnMissingBean (types: org.springframework.security.authentication.AuthenticationManager,org.springframework.security.authentication.AuthenticationProvider,org.springframework.security.core.userdetails.UserDetailsService,org.springframework.security.authentication.AuthenticationManagerResolver,org.springframework.security.oauth2.jwt.JwtDecoder; SearchStrategy: all) found beans of type 'org.springframework.security.core.userdetails.UserDetailsService' userDetailsService (OnBeanCondition)\r\n      Matched:\r\n         - @ConditionalOnClass found required class 'org.springframework.security.authentication.AuthenticationManager' (OnClassCondition)\r\n         - AnyNestedCondition 1 matched 2 did not; NestedCondition on UserDetailsServiceAutoConfiguration.MissingAlternativeOrUserPropertiesConfigured.PasswordConfigured @ConditionalOnProperty (spring.security.user.password) did not find property 'password'; NestedCondition on UserDetailsServiceAutoConfiguration.MissingAlternativeOrUserPropertiesConfigured.NameConfigured @ConditionalOnProperty (spring.security.user.name) did not find property 'name'; NestedCondition on UserDetailsServiceAutoConfiguration.MissingAlternativeOrUserPropertiesConfigured.MissingAlternative @ConditionalOnMissingClass did not find unwanted classes 'org.springframework.security.oauth2.client.registration.ClientRegistrationRepository', 'org.springframework.security.oauth2.server.resource.introspection.OpaqueTokenIntrospector', 'org.springframework.security.saml2.provider.service.registration.RelyingPartyRegistrationRepository' (UserDetailsServiceAutoConfiguration.MissingAlternativeOrUserPropertiesConfigured)\r\n\r\n   ValidationAutoConfiguration:\r\n      Did not match:\r\n         - @ConditionalOnResource did not find resource 'classpath:META-INF/services/jakarta.validation.spi.ValidationProvider' (OnResourceCondition)\r\n      Matched:\r\n         - @ConditionalOnClass found required class 'jakarta.validation.executable.ExecutableValidator' (OnClassCondition)\r\n\r\n   WebFluxAutoConfiguration:\r\n      Did not match:\r\n         - not a reactive web application (OnWebApplicationCondition)\r\n      Matched:\r\n         - @ConditionalOnClass found required class 'org.springframework.web.reactive.config.WebFluxConfigurer' (OnClassCondition)\r\n\r\n   WebMvcAutoConfiguration#hiddenHttpMethodFilter:\r\n      Did not match:\r\n         - @ConditionalOnProperty (spring.mvc.hiddenmethod.filter.enabled) did not find property 'enabled' (OnPropertyCondition)\r\n\r\n   WebMvcAutoConfiguration.ProblemDetailsErrorHandlingConfiguration:\r\n      Did not match:\r\n         - @ConditionalOnProperty (spring.mvc.problemdetails.enabled=true) did not find property 'enabled' (OnPropertyCondition)\r\n\r\n   WebMvcAutoConfiguration.ResourceChainCustomizerConfiguration:\r\n      Did not match:\r\n         - @ConditionalOnEnabledResourceChain did not find class org.webjars.WebJarAssetLocator (OnEnabledResourceChainCondition)\r\n\r\n   WebMvcAutoConfiguration.WebMvcAutoConfigurationAdapter#beanNameViewResolver:\r\n      Did not match:\r\n         - @ConditionalOnMissingBean (types: org.springframework.web.servlet.view.BeanNameViewResolver; SearchStrategy: all) found beans of type 'org.springframework.web.servlet.view.BeanNameViewResolver' beanNameViewResolver (OnBeanCondition)\r\n\r\n   WebServiceTemplateAutoConfiguration:\r\n      Did not match:\r\n         - @ConditionalOnClass did not find required class 'org.springframework.oxm.Marshaller' (OnClassCondition)\r\n\r\n   WebServicesAutoConfiguration:\r\n      Did not match:\r\n         - @ConditionalOnClass did not find required class 'org.springframework.ws.transport.http.MessageDispatcherServlet' (OnClassCondition)\r\n\r\n   WebSessionIdResolverAutoConfiguration:\r\n      Did not match:\r\n         - not a reactive web application (OnWebApplicationCondition)\r\n      Matched:\r\n         - @ConditionalOnClass found required classes 'org.springframework.web.server.session.WebSessionManager', 'reactor.core.publisher.Mono' (OnClassCondition)\r\n\r\n   WebSocketMessagingAutoConfiguration:\r\n      Did not match:\r\n         - @ConditionalOnClass did not find required class 'org.springframework.web.socket.config.annotation.WebSocketMessageBrokerConfigurer' (OnClassCondition)\r\n\r\n   WebSocketReactiveAutoConfiguration:\r\n      Did not match:\r\n         - not a reactive web application (OnWebApplicationCondition)\r\n      Matched:\r\n         - @ConditionalOnClass found required classes 'jakarta.servlet.Servlet', 'jakarta.websocket.server.ServerContainer' (OnClassCondition)\r\n\r\n   XADataSourceAutoConfiguration:\r\n      Did not match:\r\n         - @ConditionalOnBean (types: org.springframework.boot.jdbc.XADataSourceWrapper; SearchStrategy: all) did not find any beans of type org.springframework.boot.jdbc.XADataSourceWrapper (OnBeanCondition)\r\n      Matched:\r\n         - @ConditionalOnClass found required classes 'javax.sql.DataSource', 'jakarta.transaction.TransactionManager', 'org.springframework.jdbc.datasource.embedded.EmbeddedDatabaseType' (OnClassCondition)\r\n\r\n\r\nExclusions:\r\n-----------\r\n\r\n    org.springframework.boot.autoconfigure.websocket.servlet.WebSocketServletAutoConfiguration\r\n\r\n\r\nUnconditional classes:\r\n----------------------\r\n\r\n    org.springframework.boot.autoconfigure.context.ConfigurationPropertiesAutoConfiguration\r\n\r\n    org.springframework.boot.autoconfigure.ssl.SslAutoConfiguration\r\n\r\n    org.springframework.boot.autoconfigure.context.PropertyPlaceholderAutoConfiguration\r\n\r\n    org.springframework.boot.autoconfigure.context.LifecycleAutoConfiguration\r\n\r\n    org.springdoc.core.configuration.SpringDocSpecPropertiesConfiguration\r\n\r\n    org.springframework.boot.autoconfigure.availability.ApplicationAvailabilityAutoConfiguration\r\n\r\n    org.springframework.boot.autoconfigure.info.ProjectInfoAutoConfiguration\r\n\r\n\r\n","logger_name":"org.springframework.boot.autoconfigure.logging.ConditionEvaluationReportLogger","thread_name":"IZ Gateway","level":"DEBUG","level_value":10000,"eventId":"1367958402000.1","sessionId":"0"}
{"@timestamp":"2024-05-03T17:12:46.7256658-04:00","@version":"1","message":"63 mappings in 'requestMappingHandlerMapping'","logger_name":"org.springframework.web.servlet.mvc.method.annotation.RequestMappingHandlerMapping","thread_name":"IZ Gateway","level":"DEBUG","level_value":10000,"eventId":"1367958402000.1","sessionId":"0"}
{"@timestamp":"2024-05-03T17:12:46.8371974-04:00","@version":"1","message":"Patterns [/webjars/**, /**, /swagger-ui*/*swagger-initializer.js, /swagger-ui*/**] in 'resourceHandlerMapping'","logger_name":"org.springframework.web.servlet.handler.SimpleUrlHandlerMapping","thread_name":"IZ Gateway","level":"DEBUG","level_value":10000,"eventId":"1367958402000.1","sessionId":"0"}
{"@timestamp":"2024-05-03T17:12:46.8412289-04:00","@version":"1","message":"Started ApplicationTests in 9.144 seconds (process running for 11.643)","logger_name":"gov.cdc.izgateway.ApplicationTests","thread_name":"IZ Gateway","level":"INFO","level_value":20000,"eventId":"1367958402000.1","sessionId":"0"}
{"@timestamp":"2024-05-03T17:12:46.844838-04:00","@version":"1","message":"Application availability state LivenessState changed to CORRECT","logger_name":"org.springframework.boot.availability.ApplicationAvailabilityBean","thread_name":"IZ Gateway","level":"DEBUG","level_value":10000,"eventId":"1367958402000.1","sessionId":"0"}
{"@timestamp":"2024-05-03T17:12:46.8478902-04:00","@version":"1","message":"Application availability state ReadinessState changed to ACCEPTING_TRAFFIC","logger_name":"org.springframework.boot.availability.ApplicationAvailabilityBean","thread_name":"IZ Gateway","level":"DEBUG","level_value":10000,"eventId":"1367958402000.1","sessionId":"0"}
{"@timestamp":"2024-05-03T17:12:46.8519075-04:00","@version":"1","message":"select d1_0.dest_id,d1_0.dest_type,d1_0.dest_uri,d1_0.dest_version,d1_0.facility_id,d1_0.jurisdiction_id,d1_0.maint_end,d1_0.maint_reason,d1_0.maint_start,d1_0.MSH22,d1_0.MSH3,d1_0.MSH4,d1_0.MSH5,d1_0.MSH6,d1_0.password,d1_0.RXA11,d1_0.username from destinations d1_0","logger_name":"org.hibernate.SQL","thread_name":"IZ Gateway","level":"DEBUG","level_value":10000,"eventId":"1367958402000.1","sessionId":"0"}
{"@timestamp":"2024-05-03T17:12:46.8534024-04:00","@version":"1","message":"select mh1_0.msh,mh1_0.dest_id,mh1_0.facility_id,mh1_0.iis,mh1_0.password,mh1_0.sourceType,mh1_0.username from messageheaderinfo mh1_0","logger_name":"org.hibernate.SQL","thread_name":"IZ Gateway","level":"DEBUG","level_value":10000,"eventId":"1367958402000.1","sessionId":"0"}
{"@timestamp":"2024-05-03T17:12:46.8544018-04:00","@version":"1","message":"Starting Status Checker","logger_name":"gov.cdc.izgateway.status.StatusCheckScheduler","thread_name":"IZ Gateway","level":"INFO","level_value":20000,"eventId":"1367958402000.1","sessionId":"0"}
{"@timestamp":"2024-05-03T17:12:46.8566533-04:00","@version":"1","message":"select d1_0.dest_id,d1_0.dest_type,d1_0.dest_uri,d1_0.dest_version,d1_0.facility_id,d1_0.jurisdiction_id,d1_0.maint_end,d1_0.maint_reason,d1_0.maint_start,d1_0.MSH22,d1_0.MSH3,d1_0.MSH4,d1_0.MSH5,d1_0.MSH6,d1_0.password,d1_0.RXA11,d1_0.username from destinations d1_0","logger_name":"org.hibernate.SQL","thread_name":"IZ Gateway","level":"DEBUG","level_value":10000,"eventId":"1367958402000.1","sessionId":"0"}
{"@timestamp":"2024-05-03T17:12:47.2294318-04:00","@version":"1","message":"select cs1_0.certificate_id,cs1_0.cert_serial_number,cs1_0.certificate_cn,cs1_0.last_check_status,cs1_0.last_checked_timestamp,cs1_0.next_check_timestamp from certificatestatus cs1_0 where cs1_0.certificate_id=?","logger_name":"org.hibernate.SQL","thread_name":"IZ Gateway","level":"DEBUG","level_value":10000,"eventId":"1367958402000.1","sessionId":"0"}
{"@timestamp":"2024-05-03T17:12:47.4425552-04:00","@version":"1","message":"select cs1_0.certificate_id,cs1_0.cert_serial_number,cs1_0.certificate_cn,cs1_0.last_check_status,cs1_0.last_checked_timestamp,cs1_0.next_check_timestamp from certificatestatus cs1_0 where cs1_0.certificate_id=?","logger_name":"org.hibernate.SQL","thread_name":"IZ Gateway","level":"DEBUG","level_value":10000,"eventId":"1367958402000.1","sessionId":"0"}
{"@timestamp":"2024-05-03T17:12:47.4746857-04:00","@version":"1","message":"insert into certificatestatus (cert_serial_number,certificate_cn,last_check_status,last_checked_timestamp,next_check_timestamp,certificate_id) values (?,?,?,?,?,?)","logger_name":"org.hibernate.SQL","thread_name":"IZ Gateway","level":"DEBUG","level_value":10000,"eventId":"1367958402000.1","sessionId":"0"}
{"@timestamp":"2024-05-03T17:12:47.6439512-04:00","@version":"1","message":"select d1_0.dest_id,d1_0.dest_type,d1_0.dest_uri,d1_0.dest_version,d1_0.facility_id,d1_0.jurisdiction_id,d1_0.maint_end,d1_0.maint_reason,d1_0.maint_start,d1_0.MSH22,d1_0.MSH3,d1_0.MSH4,d1_0.MSH5,d1_0.MSH6,d1_0.password,d1_0.RXA11,d1_0.username from destinations d1_0","logger_name":"org.hibernate.SQL","thread_name":"IZ Gateway","level":"DEBUG","level_value":10000,"eventId":"1367958402000.1","sessionId":"0"}
{"@timestamp":"2024-05-03T17:12:47.6469504-04:00","@version":"1","message":"Status Checker started","logger_name":"gov.cdc.izgateway.status.StatusCheckScheduler","thread_name":"IZ Gateway","level":"INFO","level_value":20000,"eventId":"1367958402000.1","sessionId":"0"}
{"@timestamp":"2024-05-03T17:12:47.6477391-04:00","@version":"1","message":"Connected to jdbc:h2:mem:db;DB_CLOSE_DELAY=-1","logger_name":"gov.cdc.izgateway.Application","thread_name":"IZ Gateway","level":"INFO","level_value":20000,"eventId":"1367958402000.1","sessionId":"0"}
{"@timestamp":"2024-05-03T17:12:47.6519395-04:00","@version":"1","message":"Application loaded\n\r\n    Build: izgw-hub-2.0.1-IZGW-SNAPSHOT-202405032112\r\n     Host: AP-AAD-PF3NHF9E\r\nTimestamp: 202405032112","logger_name":"gov.cdc.izgateway.Application","thread_name":"IZ Gateway","level":"INFO","level_value":20000,"eventId":"1367958402000.1","sessionId":"0"}
{"@timestamp":"2024-05-03T17:12:47.6560722-04:00","@version":"1","message":"Heartbeat","logger_name":"gov.cdc.izgateway.Application","thread_name":"IZ Gateway","level":"INFO","level_value":20000,"eventId":"1367958402000.1","sessionId":"0","health":{"statusAt":"2024-05-03T21:12:47.653+0000","lastChangeReason":"Normal application startup","started":"2024-05-03T21:12:35.264+0000","startupTime":12383,"buildName":"izgw-hub-2.0.1-IZGW-SNAPSHOT-202405032112","serverName":"dev.izgateway.org","environment":"Development","lastHealthyDate":"2024-05-03T21:12:47.647+0000","lastUnhealthyDate":null,"eventCount":0,"requestVolume":0,"successVolume":0,"healthy":true,"lastException":null,"hostname":"AP-AAD-PF3NHF9E"},"utilization":{"processCpuLoad":0.0,"systemCpuLoad":0.0,"heapMemoryUsage":{"init":532676608,"used":211515520,"committed":322961408,"max":8518631424},"nonHeapMemoryUsage":{"init":7667712,"used":127013568,"committed":129040384,"max":-1},"freeDiskSpace":123402252288,"totalDiskSpace":510770802688,"usedDiskSpace":387368550400}}
{"@timestamp":"2024-05-03T17:12:48.4103484-04:00","@version":"1","message":"Before Each","logger_name":"gov.cdc.izgateway.ApplicationTests","thread_name":"IZ Gateway","level":"INFO","level_value":20000,"eventId":"1367958402000.1","sessionId":"0"}
]]></system-out>
  </testcase>
  <testcase name="appControllerHealthTest" classname="gov.cdc.izgateway.ApplicationTests" time="0.008">
    <system-out><![CDATA[{"@timestamp":"2024-05-03T17:12:48.4361401-04:00","@version":"1","message":"Started","logger_name":"gov.cdc.izgateway.ApplicationTests","thread_name":"IZ Gateway","level":"INFO","level_value":20000,"eventId":"1367958402000.1","sessionId":"0"}
{"@timestamp":"2024-05-03T17:12:48.4414696-04:00","@version":"1","message":"Before Each","logger_name":"gov.cdc.izgateway.ApplicationTests","thread_name":"IZ Gateway","level":"INFO","level_value":20000,"eventId":"1367958402000.1","sessionId":"0"}
]]></system-out>
  </testcase>
  <testcase name="applicationIsHealthy" classname="gov.cdc.izgateway.ApplicationTests" time="0.003">
    <system-out><![CDATA[{"@timestamp":"2024-05-03T17:12:48.4473357-04:00","@version":"1","message":"Started","logger_name":"gov.cdc.izgateway.ApplicationTests","thread_name":"IZ Gateway","level":"INFO","level_value":20000,"eventId":"1367958402000.1","sessionId":"0"}
{"@timestamp":"2024-05-03T17:12:48.4507968-04:00","@version":"1","message":"Before Each","logger_name":"gov.cdc.izgateway.ApplicationTests","thread_name":"IZ Gateway","level":"INFO","level_value":20000,"eventId":"1367958402000.1","sessionId":"0"}
]]></system-out>
  </testcase>
  <testcase name="buildNoIsValid" classname="gov.cdc.izgateway.ApplicationTests" time="0.005">
    <system-out><![CDATA[{"@timestamp":"2024-05-03T17:12:48.4533892-04:00","@version":"1","message":"Started","logger_name":"gov.cdc.izgateway.ApplicationTests","thread_name":"IZ Gateway","level":"INFO","level_value":20000,"eventId":"1367958402000.1","sessionId":"0"}
{"@timestamp":"2024-05-03T17:12:48.4552816-04:00","@version":"1","message":"Before Each","logger_name":"gov.cdc.izgateway.ApplicationTests","thread_name":"IZ Gateway","level":"INFO","level_value":20000,"eventId":"1367958402000.1","sessionId":"0"}
]]></system-out>
  </testcase>
  <testcase name="logControllerTest" classname="gov.cdc.izgateway.ApplicationTests" time="0.006">
    <system-out><![CDATA[{"@timestamp":"2024-05-03T17:12:48.4597878-04:00","@version":"1","message":"Started","logger_name":"gov.cdc.izgateway.ApplicationTests","thread_name":"IZ Gateway","level":"INFO","level_value":20000,"eventId":"1367958402000.1","sessionId":"0"}
{"@timestamp":"2024-05-03T17:12:48.4628026-04:00","@version":"1","message":"Before Each","logger_name":"gov.cdc.izgateway.ApplicationTests","thread_name":"IZ Gateway","level":"INFO","level_value":20000,"eventId":"1367958402000.1","sessionId":"0"}
]]></system-out>
  </testcase>
  <testcase name="buildAndHealthAreReportedInLogs" classname="gov.cdc.izgateway.ApplicationTests" time="0.004">
    <system-out><![CDATA[{"@timestamp":"2024-05-03T17:12:48.4661826-04:00","@version":"1","message":"Started","logger_name":"gov.cdc.izgateway.ApplicationTests","thread_name":"IZ Gateway","level":"INFO","level_value":20000,"eventId":"1367958402000.1","sessionId":"0"}
{"@timestamp":"2024-05-03T17:12:48.4692108-04:00","@version":"1","message":"Before Each","logger_name":"gov.cdc.izgateway.ApplicationTests","thread_name":"IZ Gateway","level":"INFO","level_value":20000,"eventId":"1367958402000.1","sessionId":"0"}
]]></system-out>
  </testcase>
</testsuite>